Using pre-set license
Built from '2020.3/staging' branch; Version is '2020.3.3f1 (76626098c1c4) revision 7758432'; Using compiler version '192528614'; Build Type 'Release'
OS: 'Windows 10 Pro; OS build 19043.1165; Version 2009; 64bit' Language: 'it' Physical Memory: 16333 MB
BatchMode: 1, IsHumanControllingUs: 0, StartBugReporterOnCrash: 0, Is64bit: 1, IsPro: 0

 COMMAND LINE ARGUMENTS:
C:\Program Files\Unity\Hub\Editor\2020.3.3f1\Editor\Unity.exe
-adb2
-batchMode
-noUpm
-name
AssetImportWorker0
-projectPath
E:/UnityDevelopment/RandomGames/Pong_Learn
-logFile
Logs/AssetImportWorker0.log
-srvPort
53765
Successfully changed project path to: E:/UnityDevelopment/RandomGames/Pong_Learn
E:/UnityDevelopment/RandomGames/Pong_Learn
Using Asset Import Pipeline V2.
Refreshing native plugins compatible for Editor in 40.31 ms, found 1 plugins.
Preloading 0 native plugins for Editor in 0.00 ms.
Initialize engine version: 2020.3.3f1 (76626098c1c4)
[Subsystems] Discovering subsystems at path C:/Program Files/Unity/Hub/Editor/2020.3.3f1/Editor/Data/Resources/UnitySubsystems
[Subsystems] Discovering subsystems at path E:/UnityDevelopment/RandomGames/Pong_Learn/Assets
GfxDevice: creating device client; threaded=0
Direct3D:
    Version:  Direct3D 11.0 [level 11.1]
    Renderer: NVIDIA GeForce GTX 1660 SUPER (ID=0x21c4)
    Vendor:   
    VRAM:     5991 MB
    Driver:   30.0.14.7168
Initialize mono
Mono path[0] = 'C:/Program Files/Unity/Hub/Editor/2020.3.3f1/Editor/Data/Managed'
Mono path[1] = 'C:/Program Files/Unity/Hub/Editor/2020.3.3f1/Editor/Data/MonoBleedingEdge/lib/mono/unityjit'
Mono config path = 'C:/Program Files/Unity/Hub/Editor/2020.3.3f1/Editor/Data/MonoBleedingEdge/etc'
Using monoOptions --debugger-agent=transport=dt_socket,embedding=1,server=y,suspend=n,address=127.0.0.1:56484
Begin MonoManager ReloadAssembly
Registering precompiled unity dll's ...
Register platform support module: C:/Program Files/Unity/Hub/Editor/2020.3.3f1/Editor/Data/PlaybackEngines/WebGLSupport/UnityEditor.WebGL.Extensions.dll
Register platform support module: C:/Program Files/Unity/Hub/Editor/2020.3.3f1/Editor/Data/PlaybackEngines/WindowsStandaloneSupport/UnityEditor.WindowsStandalone.Extensions.dll
Registered in 0.003127 seconds.
Native extension for WindowsStandalone target not found
Native extension for WebGL target not found
Refreshing native plugins compatible for Editor in 39.64 ms, found 1 plugins.
Preloading 0 native plugins for Editor in 0.00 ms.
Invoked RoslynAnalysisRunner static constructor.
RoslynAnalysisRunner will not be running.
RoslynAnalysisRunner has terminated.
Mono: successfully reloaded assembly
- Completed reload, in  2.749 seconds
Platform modules already initialized, skipping
Registering precompiled user dll's ...
Registered in 0.000873 seconds.
Begin MonoManager ReloadAssembly
Native extension for WindowsStandalone target not found
Native extension for WebGL target not found
Refreshing native plugins compatible for Editor in 39.08 ms, found 1 plugins.
Preloading 0 native plugins for Editor in 0.00 ms.
Invoked RoslynAnalysisRunner static constructor.
RoslynAnalysisRunner will not be running.
RoslynAnalysisRunner has terminated.
Mono: successfully reloaded assembly
- Completed reload, in  1.073 seconds
Platform modules already initialized, skipping
========================================================================
Worker process is ready to serve import requests
Launched and connected shader compiler UnityShaderCompiler.exe after 0.06 seconds
Refreshing native plugins compatible for Editor in 0.37 ms, found 1 plugins.
Preloading 0 native plugins for Editor in 0.00 ms.
Unloading 1808 Unused Serialized files (Serialized files now loaded: 0)
System memory in use before: 84.9 MB.
System memory in use after: 84.8 MB.

Unloading 24 unused Assets to reduce memory usage. Loaded Objects now: 2250.
Total: 2.986200 ms (FindLiveObjects: 0.278400 ms CreateObjectMapping: 0.060700 ms MarkObjects: 2.498400 ms  DeleteObjects: 0.147500 ms)

========================================================================
Received Import Request.
  path: Assets/Prefabs
  artifactKey: Guid(1c6208a269b570145a425621afd0fbe0) Importer(815301076,1909f56bfc062723c751e8b465ee728b)
Start importing Assets/Prefabs using Guid(1c6208a269b570145a425621afd0fbe0) Importer(815301076,1909f56bfc062723c751e8b465ee728b)  -> (artifact id: 'cbdd0209db71278d0110148c023bd98a') in 0.009526 seconds
  Import took 0.031279 seconds .

========================================================================
Received Import Request.
  Time since last request: 136.216195 seconds.
  path: Assets
  artifactKey: Guid(00000000000000001000000000000000) Importer(815301076,1909f56bfc062723c751e8b465ee728b)
Start importing Assets using Guid(00000000000000001000000000000000) Importer(815301076,1909f56bfc062723c751e8b465ee728b)  -> (artifact id: 'b2e0e235c0f4af3754229b664788db90') in 0.008881 seconds
  Import took 0.034005 seconds .

========================================================================
Received Import Request.
  Time since last request: 8.996191 seconds.
  path: Assets/_Scripts
  artifactKey: Guid(9355107e7cfc60441a72383599e11ab0) Importer(815301076,1909f56bfc062723c751e8b465ee728b)
Start importing Assets/_Scripts using Guid(9355107e7cfc60441a72383599e11ab0) Importer(815301076,1909f56bfc062723c751e8b465ee728b)  -> (artifact id: '07a288b0aa8edd26edd50e7c302b7aee') in 0.007990 seconds
  Import took 0.011279 seconds .

========================================================================
Received Import Request.
  Time since last request: 6.202155 seconds.
  path: Assets/Prefabs/Player_2.prefab
  artifactKey: Guid(de3c51eb5d3151549848c264c98e3fe0) Importer(815301076,1909f56bfc062723c751e8b465ee728b)
Start importing Assets/Prefabs/Player_2.prefab using Guid(de3c51eb5d3151549848c264c98e3fe0) Importer(815301076,1909f56bfc062723c751e8b465ee728b)  -> (artifact id: '711b9a62b520fe4986e3caf2f2ceb68d') in 0.114094 seconds
  Import took 0.135514 seconds .

========================================================================
Received Import Request.
  Time since last request: 2.638387 seconds.
  path: Assets/Prefabs/Player_1.prefab
  artifactKey: Guid(e60a7cb92188bb44caaa0b4ab180d548) Importer(815301076,1909f56bfc062723c751e8b465ee728b)
Start importing Assets/Prefabs/Player_1.prefab using Guid(e60a7cb92188bb44caaa0b4ab180d548) Importer(815301076,1909f56bfc062723c751e8b465ee728b)  -> (artifact id: 'be1e265933e5c4e6e5f5ec7abe596188') in 0.014851 seconds
  Import took 0.017903 seconds .

========================================================================
Received Import Request.
  Time since last request: 51.594485 seconds.
  path: Assets/Prefabs/Ball.prefab
  artifactKey: Guid(26ed708308a92184a9bfae7a0b76b296) Importer(815301076,1909f56bfc062723c751e8b465ee728b)
Start importing Assets/Prefabs/Ball.prefab using Guid(26ed708308a92184a9bfae7a0b76b296) Importer(815301076,1909f56bfc062723c751e8b465ee728b)  -> (artifact id: '25109c4b7a5104c899d592a9aba045bd') in 0.011585 seconds
  Import took 0.014776 seconds .

========================================================================
Received Import Request.
  Time since last request: 112.755209 seconds.
  path: Assets/Prefabs/Ball.prefab
  artifactKey: Guid(26ed708308a92184a9bfae7a0b76b296) Importer(815301076,1909f56bfc062723c751e8b465ee728b)
Start importing Assets/Prefabs/Ball.prefab using Guid(26ed708308a92184a9bfae7a0b76b296) Importer(815301076,1909f56bfc062723c751e8b465ee728b)  -> (artifact id: '75e53d1a854c08f5ebcabbf965fb752d') in 0.009134 seconds
  Import took 0.012783 seconds .

========================================================================
Received Import Request.
  Time since last request: 23.190114 seconds.
  path: Assets/Prefabs/Ball.prefab
  artifactKey: Guid(26ed708308a92184a9bfae7a0b76b296) Importer(815301076,1909f56bfc062723c751e8b465ee728b)
Start importing Assets/Prefabs/Ball.prefab using Guid(26ed708308a92184a9bfae7a0b76b296) Importer(815301076,1909f56bfc062723c751e8b465ee728b)  -> (artifact id: '825317b8d6e9eb49c6bb7c3be1e6644f') in 0.007702 seconds
  Import took 0.011117 seconds .

========================================================================
Received Import Request.
  Time since last request: 12.027329 seconds.
  path: Assets/Prefabs/Player_1.prefab
  artifactKey: Guid(e60a7cb92188bb44caaa0b4ab180d548) Importer(815301076,1909f56bfc062723c751e8b465ee728b)
Start importing Assets/Prefabs/Player_1.prefab using Guid(e60a7cb92188bb44caaa0b4ab180d548) Importer(815301076,1909f56bfc062723c751e8b465ee728b)  -> (artifact id: 'b5e8935356058b6deeb18945dfbd4544') in 0.006887 seconds
  Import took 0.010039 seconds .

========================================================================
Received Import Request.
  Time since last request: 0.001284 seconds.
  path: Assets/Prefabs/Player_1.prefab
  artifactKey: Guid(e60a7cb92188bb44caaa0b4ab180d548) Importer(815301076,1909f56bfc062723c751e8b465ee728b)
Start importing Assets/Prefabs/Player_1.prefab using Guid(e60a7cb92188bb44caaa0b4ab180d548) Importer(815301076,1909f56bfc062723c751e8b465ee728b)  -> (artifact id: 'b5e8935356058b6deeb18945dfbd4544') in 0.007314 seconds
  Import took 0.010484 seconds .

========================================================================
Received Import Request.
  Time since last request: 1.360446 seconds.
  path: Assets/Scenes
  artifactKey: Guid(ca4807a16f0c4ea4db716d9c9208405a) Importer(815301076,1909f56bfc062723c751e8b465ee728b)
Start importing Assets/Scenes using Guid(ca4807a16f0c4ea4db716d9c9208405a) Importer(815301076,1909f56bfc062723c751e8b465ee728b)  -> (artifact id: '3cb3bbd655926c47cc13579d9c8001a9') in 0.006563 seconds
  Import took 0.009911 seconds .

========================================================================
Received Import Request.
  Time since last request: 0.974009 seconds.
  path: Assets/Prefabs/Player_2.prefab
  artifactKey: Guid(de3c51eb5d3151549848c264c98e3fe0) Importer(815301076,1909f56bfc062723c751e8b465ee728b)
Start importing Assets/Prefabs/Player_2.prefab using Guid(de3c51eb5d3151549848c264c98e3fe0) Importer(815301076,1909f56bfc062723c751e8b465ee728b)  -> (artifact id: '6e9ec26d29bf4115801a12eb4c9e1f86') in 0.006373 seconds
  Import took 0.009516 seconds .

========================================================================
Received Import Request.
  Time since last request: 0.002067 seconds.
  path: Assets/Prefabs/Player_2.prefab
  artifactKey: Guid(de3c51eb5d3151549848c264c98e3fe0) Importer(815301076,1909f56bfc062723c751e8b465ee728b)
Start importing Assets/Prefabs/Player_2.prefab using Guid(de3c51eb5d3151549848c264c98e3fe0) Importer(815301076,1909f56bfc062723c751e8b465ee728b)  -> (artifact id: '6e9ec26d29bf4115801a12eb4c9e1f86') in 0.006694 seconds
  Import took 0.009438 seconds .

========================================================================
Received Import Request.
  Time since last request: 2.817923 seconds.
  path: Assets/Prefabs/Player_1.prefab
  artifactKey: Guid(e60a7cb92188bb44caaa0b4ab180d548) Importer(815301076,1909f56bfc062723c751e8b465ee728b)
Start importing Assets/Prefabs/Player_1.prefab using Guid(e60a7cb92188bb44caaa0b4ab180d548) Importer(815301076,1909f56bfc062723c751e8b465ee728b)  -> (artifact id: '8be9d8c6f73875c3cbb365423dc363eb') in 0.008332 seconds
  Import took 0.011999 seconds .

========================================================================
Received Import Request.
  Time since last request: 14.486515 seconds.
  path: Assets/_Scripts/PlayerController.cs
  artifactKey: Guid(54ccb5c6ce76fef4fb65de048b191bdd) Importer(815301076,1909f56bfc062723c751e8b465ee728b)
Start importing Assets/_Scripts/PlayerController.cs using Guid(54ccb5c6ce76fef4fb65de048b191bdd) Importer(815301076,1909f56bfc062723c751e8b465ee728b)  -> (artifact id: '8c8a6b9c1d59d82c2b2cda718146c295') in 0.021329 seconds
  Import took 0.024405 seconds .

========================================================================
Received Prepare
Registering precompiled user dll's ...
Registered in 0.000944 seconds.
Begin MonoManager ReloadAssembly
Native extension for WindowsStandalone target not found
Native extension for WebGL target not found
Refreshing native plugins compatible for Editor in 0.37 ms, found 1 plugins.
Preloading 0 native plugins for Editor in 0.00 ms.
Invoked RoslynAnalysisRunner static constructor.
RoslynAnalysisRunner will not be running.
RoslynAnalysisRunner has terminated.
Mono: successfully reloaded assembly
- Completed reload, in  1.041 seconds
Platform modules already initialized, skipping
Refreshing native plugins compatible for Editor in 0.33 ms, found 1 plugins.
Preloading 0 native plugins for Editor in 0.00 ms.
Unloading 1804 Unused Serialized files (Serialized files now loaded: 0)
System memory in use before: 88.0 MB.
System memory in use after: 87.9 MB.

Unloading 12 unused Assets to reduce memory usage. Loaded Objects now: 2262.
Total: 2.088800 ms (FindLiveObjects: 0.177500 ms CreateObjectMapping: 0.042100 ms MarkObjects: 1.712500 ms  DeleteObjects: 0.155800 ms)

========================================================================
Received Import Request.
  Time since last request: 11.442114 seconds.
  path: Assets/Prefabs/Player_2.prefab
  artifactKey: Guid(de3c51eb5d3151549848c264c98e3fe0) Importer(815301076,1909f56bfc062723c751e8b465ee728b)
Start importing Assets/Prefabs/Player_2.prefab using Guid(de3c51eb5d3151549848c264c98e3fe0) Importer(815301076,1909f56bfc062723c751e8b465ee728b)  -> (artifact id: '1a399898923fb5a456fd7d319c77a1fd') in 0.061386 seconds
  Import took 0.080081 seconds .

========================================================================
Received Prepare
Registering precompiled user dll's ...
Registered in 0.001005 seconds.
Begin MonoManager ReloadAssembly
Native extension for WindowsStandalone target not found
Native extension for WebGL target not found
Refreshing native plugins compatible for Editor in 0.51 ms, found 1 plugins.
Preloading 0 native plugins for Editor in 0.00 ms.
Invoked RoslynAnalysisRunner static constructor.
RoslynAnalysisRunner will not be running.
RoslynAnalysisRunner has terminated.
Mono: successfully reloaded assembly
- Completed reload, in  1.039 seconds
Platform modules already initialized, skipping
Refreshing native plugins compatible for Editor in 0.35 ms, found 1 plugins.
Preloading 0 native plugins for Editor in 0.00 ms.
Unloading 1804 Unused Serialized files (Serialized files now loaded: 0)
System memory in use before: 88.0 MB.
System memory in use after: 88.0 MB.

Unloading 12 unused Assets to reduce memory usage. Loaded Objects now: 2267.
Total: 2.261400 ms (FindLiveObjects: 0.260100 ms CreateObjectMapping: 0.058400 ms MarkObjects: 1.818500 ms  DeleteObjects: 0.123200 ms)

========================================================================
Received Import Request.
  Time since last request: 345.610612 seconds.
  path: Assets/_Scripts/PlayerController.cs
  artifactKey: Guid(54ccb5c6ce76fef4fb65de048b191bdd) Importer(815301076,1909f56bfc062723c751e8b465ee728b)
Start importing Assets/_Scripts/PlayerController.cs using Guid(54ccb5c6ce76fef4fb65de048b191bdd) Importer(815301076,1909f56bfc062723c751e8b465ee728b)  -> (artifact id: 'b2cdc76f62fdcc9fde6fe31285a3402d') in 0.004850 seconds
  Import took 0.008310 seconds .

========================================================================
Received Prepare
Registering precompiled user dll's ...
Registered in 0.000819 seconds.
Begin MonoManager ReloadAssembly
Native extension for WindowsStandalone target not found
Native extension for WebGL target not found
Refreshing native plugins compatible for Editor in 0.47 ms, found 1 plugins.
Preloading 0 native plugins for Editor in 0.00 ms.
Invoked RoslynAnalysisRunner static constructor.
RoslynAnalysisRunner will not be running.
RoslynAnalysisRunner has terminated.
Mono: successfully reloaded assembly
- Completed reload, in  1.038 seconds
Platform modules already initialized, skipping
Refreshing native plugins compatible for Editor in 0.34 ms, found 1 plugins.
Preloading 0 native plugins for Editor in 0.00 ms.
Unloading 1804 Unused Serialized files (Serialized files now loaded: 0)
System memory in use before: 88.0 MB.
System memory in use after: 88.0 MB.

Unloading 12 unused Assets to reduce memory usage. Loaded Objects now: 2271.
Total: 2.257200 ms (FindLiveObjects: 0.250400 ms CreateObjectMapping: 0.055000 ms MarkObjects: 1.822500 ms  DeleteObjects: 0.128100 ms)

========================================================================
Received Prepare
Registering precompiled user dll's ...
Registered in 0.000895 seconds.
Begin MonoManager ReloadAssembly
Native extension for WindowsStandalone target not found
Native extension for WebGL target not found
Refreshing native plugins compatible for Editor in 0.38 ms, found 1 plugins.
Preloading 0 native plugins for Editor in 0.00 ms.
Invoked RoslynAnalysisRunner static constructor.
RoslynAnalysisRunner will not be running.
RoslynAnalysisRunner has terminated.
Mono: successfully reloaded assembly
- Completed reload, in  0.999 seconds
Platform modules already initialized, skipping
Refreshing native plugins compatible for Editor in 0.50 ms, found 1 plugins.
Preloading 0 native plugins for Editor in 0.00 ms.
Unloading 1804 Unused Serialized files (Serialized files now loaded: 0)
System memory in use before: 88.0 MB.
System memory in use after: 88.0 MB.

Unloading 12 unused Assets to reduce memory usage. Loaded Objects now: 2275.
Total: 1.945600 ms (FindLiveObjects: 0.182300 ms CreateObjectMapping: 0.043300 ms MarkObjects: 1.598300 ms  DeleteObjects: 0.120800 ms)

========================================================================
Received Import Request.
  Time since last request: 237.929680 seconds.
  path: Assets/Prefabs/Player_1.prefab
  artifactKey: Guid(e60a7cb92188bb44caaa0b4ab180d548) Importer(815301076,1909f56bfc062723c751e8b465ee728b)
Start importing Assets/Prefabs/Player_1.prefab using Guid(e60a7cb92188bb44caaa0b4ab180d548) Importer(815301076,1909f56bfc062723c751e8b465ee728b)  -> (artifact id: 'cea41588f6039399ebded6ad4c80624a') in 0.074585 seconds
  Import took 0.097692 seconds .

========================================================================
Received Prepare
Registering precompiled user dll's ...
Registered in 0.001191 seconds.
Begin MonoManager ReloadAssembly
Native extension for WindowsStandalone target not found
Native extension for WebGL target not found
Refreshing native plugins compatible for Editor in 0.33 ms, found 1 plugins.
Preloading 0 native plugins for Editor in 0.00 ms.
Invoked RoslynAnalysisRunner static constructor.
RoslynAnalysisRunner will not be running.
RoslynAnalysisRunner has terminated.
Mono: successfully reloaded assembly
- Completed reload, in  0.959 seconds
Platform modules already initialized, skipping
Refreshing native plugins compatible for Editor in 0.52 ms, found 1 plugins.
Preloading 0 native plugins for Editor in 0.00 ms.
Unloading 1804 Unused Serialized files (Serialized files now loaded: 0)
System memory in use before: 88.0 MB.
System memory in use after: 88.0 MB.

Unloading 12 unused Assets to reduce memory usage. Loaded Objects now: 2280.
Total: 2.045000 ms (FindLiveObjects: 0.248300 ms CreateObjectMapping: 0.058300 ms MarkObjects: 1.617300 ms  DeleteObjects: 0.120100 ms)

========================================================================
Received Import Request.
  Time since last request: 4.326416 seconds.
  path: ProjectSettings/TagManager.asset
  artifactKey: Guid(00000000000000003000000000000000) Importer(815301076,1909f56bfc062723c751e8b465ee728b)
Start importing ProjectSettings/TagManager.asset using Guid(00000000000000003000000000000000) Importer(815301076,1909f56bfc062723c751e8b465ee728b)  -> (artifact id: '3125bf62d54dbcdd0ce3e4c540a7aa4e') in 0.018084 seconds
  Import took 0.021207 seconds .

========================================================================
Received Import Request.
  Time since last request: 8.877933 seconds.
  path: Assets/Prefabs/Player_1.prefab
  artifactKey: Guid(e60a7cb92188bb44caaa0b4ab180d548) Importer(815301076,1909f56bfc062723c751e8b465ee728b)
Start importing Assets/Prefabs/Player_1.prefab using Guid(e60a7cb92188bb44caaa0b4ab180d548) Importer(815301076,1909f56bfc062723c751e8b465ee728b)  -> (artifact id: '68fc0fb77eac2cf9e7cce7bc4ce3eca7') in 0.050624 seconds
  Import took 0.054622 seconds .

========================================================================
Received Import Request.
  Time since last request: 2.533882 seconds.
  path: Assets/Prefabs/Player_1.prefab
  artifactKey: Guid(e60a7cb92188bb44caaa0b4ab180d548) Importer(815301076,1909f56bfc062723c751e8b465ee728b)
Start importing Assets/Prefabs/Player_1.prefab using Guid(e60a7cb92188bb44caaa0b4ab180d548) Importer(815301076,1909f56bfc062723c751e8b465ee728b)  -> (artifact id: '9267bc8a7817d27b0840f86379ef4868') in 0.007817 seconds
  Import took 0.010917 seconds .

========================================================================
Received Import Request.
  Time since last request: 2.119983 seconds.
  path: Assets/Prefabs/Player_2.prefab
  artifactKey: Guid(de3c51eb5d3151549848c264c98e3fe0) Importer(815301076,1909f56bfc062723c751e8b465ee728b)
Start importing Assets/Prefabs/Player_2.prefab using Guid(de3c51eb5d3151549848c264c98e3fe0) Importer(815301076,1909f56bfc062723c751e8b465ee728b)  -> (artifact id: 'b2a4ddd10bc5dee6da7312c6a47aa453') in 0.007990 seconds
  Import took 0.011248 seconds .

========================================================================
Received Import Request.
  Time since last request: 1.792699 seconds.
  path: Assets/Prefabs/Player_2.prefab
  artifactKey: Guid(de3c51eb5d3151549848c264c98e3fe0) Importer(815301076,1909f56bfc062723c751e8b465ee728b)
Start importing Assets/Prefabs/Player_2.prefab using Guid(de3c51eb5d3151549848c264c98e3fe0) Importer(815301076,1909f56bfc062723c751e8b465ee728b)  -> (artifact id: 'c11e65176f9418effa72748e6e71b43f') in 0.008236 seconds
  Import took 0.023483 seconds .

========================================================================
Received Prepare
Registering precompiled user dll's ...
Registered in 0.000859 seconds.
Begin MonoManager ReloadAssembly
Native extension for WindowsStandalone target not found
Native extension for WebGL target not found
Refreshing native plugins compatible for Editor in 0.33 ms, found 1 plugins.
Preloading 0 native plugins for Editor in 0.00 ms.
Invoked RoslynAnalysisRunner static constructor.
RoslynAnalysisRunner will not be running.
RoslynAnalysisRunner has terminated.
Mono: successfully reloaded assembly
- Completed reload, in  0.996 seconds
Platform modules already initialized, skipping
Refreshing native plugins compatible for Editor in 0.37 ms, found 1 plugins.
Preloading 0 native plugins for Editor in 0.00 ms.
Unloading 1804 Unused Serialized files (Serialized files now loaded: 0)
System memory in use before: 88.1 MB.
System memory in use after: 88.0 MB.

Unloading 13 unused Assets to reduce memory usage. Loaded Objects now: 2285.
Total: 2.090900 ms (FindLiveObjects: 0.179900 ms CreateObjectMapping: 0.041900 ms MarkObjects: 1.740900 ms  DeleteObjects: 0.127200 ms)

========================================================================
Received Import Request.
  Time since last request: 50.236741 seconds.
  path: Assets/Prefabs/Player_2.prefab
  artifactKey: Guid(de3c51eb5d3151549848c264c98e3fe0) Importer(815301076,1909f56bfc062723c751e8b465ee728b)
Start importing Assets/Prefabs/Player_2.prefab using Guid(de3c51eb5d3151549848c264c98e3fe0) Importer(815301076,1909f56bfc062723c751e8b465ee728b)  -> (artifact id: '27437fcd778112c0486dca35c6f47f23') in 0.058595 seconds
  Import took 0.062273 seconds .

========================================================================
Received Prepare
Registering precompiled user dll's ...
Registered in 0.001162 seconds.
Begin MonoManager ReloadAssembly
Native extension for WindowsStandalone target not found
Native extension for WebGL target not found
Refreshing native plugins compatible for Editor in 0.34 ms, found 1 plugins.
Preloading 0 native plugins for Editor in 0.00 ms.
Invoked RoslynAnalysisRunner static constructor.
RoslynAnalysisRunner will not be running.
RoslynAnalysisRunner has terminated.
Mono: successfully reloaded assembly
- Completed reload, in  1.235 seconds
Platform modules already initialized, skipping
Refreshing native plugins compatible for Editor in 0.66 ms, found 1 plugins.
Preloading 0 native plugins for Editor in 0.00 ms.
Unloading 1804 Unused Serialized files (Serialized files now loaded: 0)
System memory in use before: 88.1 MB.
System memory in use after: 88.0 MB.

Unloading 12 unused Assets to reduce memory usage. Loaded Objects now: 2290.
Total: 3.578800 ms (FindLiveObjects: 0.459500 ms CreateObjectMapping: 0.171900 ms MarkObjects: 2.763500 ms  DeleteObjects: 0.182700 ms)

========================================================================
Received Prepare
Registering precompiled user dll's ...
Registered in 0.000835 seconds.
Begin MonoManager ReloadAssembly
Native extension for WindowsStandalone target not found
Native extension for WebGL target not found
Refreshing native plugins compatible for Editor in 0.51 ms, found 1 plugins.
Preloading 0 native plugins for Editor in 0.00 ms.
Invoked RoslynAnalysisRunner static constructor.
RoslynAnalysisRunner will not be running.
RoslynAnalysisRunner has terminated.
Mono: successfully reloaded assembly
- Completed reload, in  1.062 seconds
Platform modules already initialized, skipping
Refreshing native plugins compatible for Editor in 0.47 ms, found 1 plugins.
Preloading 0 native plugins for Editor in 0.00 ms.
Unloading 1804 Unused Serialized files (Serialized files now loaded: 0)
System memory in use before: 88.1 MB.
System memory in use after: 88.1 MB.

Unloading 12 unused Assets to reduce memory usage. Loaded Objects now: 2294.
Total: 2.054400 ms (FindLiveObjects: 0.201900 ms CreateObjectMapping: 0.062500 ms MarkObjects: 1.669500 ms  DeleteObjects: 0.119000 ms)

========================================================================
Received Prepare
Registering precompiled user dll's ...
Registered in 0.001012 seconds.
Begin MonoManager ReloadAssembly
Native extension for WindowsStandalone target not found
Native extension for WebGL target not found
Refreshing native plugins compatible for Editor in 0.34 ms, found 1 plugins.
Preloading 0 native plugins for Editor in 0.00 ms.
Invoked RoslynAnalysisRunner static constructor.
RoslynAnalysisRunner will not be running.
RoslynAnalysisRunner has terminated.
Mono: successfully reloaded assembly
- Completed reload, in  0.970 seconds
Platform modules already initialized, skipping
Refreshing native plugins compatible for Editor in 0.35 ms, found 1 plugins.
Preloading 0 native plugins for Editor in 0.00 ms.
Unloading 1804 Unused Serialized files (Serialized files now loaded: 0)
System memory in use before: 88.1 MB.
System memory in use after: 88.1 MB.

Unloading 12 unused Assets to reduce memory usage. Loaded Objects now: 2298.
Total: 2.026000 ms (FindLiveObjects: 0.186000 ms CreateObjectMapping: 0.042300 ms MarkObjects: 1.669800 ms  DeleteObjects: 0.126600 ms)

========================================================================
Received Prepare
Registering precompiled user dll's ...
Registered in 0.001002 seconds.
Begin MonoManager ReloadAssembly
Native extension for WindowsStandalone target not found
Native extension for WebGL target not found
Refreshing native plugins compatible for Editor in 0.34 ms, found 1 plugins.
Preloading 0 native plugins for Editor in 0.00 ms.
Invoked RoslynAnalysisRunner static constructor.
RoslynAnalysisRunner will not be running.
RoslynAnalysisRunner has terminated.
Mono: successfully reloaded assembly
- Completed reload, in  1.021 seconds
Platform modules already initialized, skipping
Refreshing native plugins compatible for Editor in 0.48 ms, found 1 plugins.
Preloading 0 native plugins for Editor in 0.00 ms.
Unloading 1804 Unused Serialized files (Serialized files now loaded: 0)
System memory in use before: 88.1 MB.
System memory in use after: 88.1 MB.

Unloading 12 unused Assets to reduce memory usage. Loaded Objects now: 2302.
Total: 1.949200 ms (FindLiveObjects: 0.203600 ms CreateObjectMapping: 0.043200 ms MarkObjects: 1.579100 ms  DeleteObjects: 0.122400 ms)

========================================================================
Received Prepare
Registering precompiled user dll's ...
Registered in 0.000805 seconds.
Begin MonoManager ReloadAssembly
Native extension for WindowsStandalone target not found
Native extension for WebGL target not found
Refreshing native plugins compatible for Editor in 0.34 ms, found 1 plugins.
Preloading 0 native plugins for Editor in 0.00 ms.
Invoked RoslynAnalysisRunner static constructor.
RoslynAnalysisRunner will not be running.
RoslynAnalysisRunner has terminated.
Mono: successfully reloaded assembly
- Completed reload, in  0.961 seconds
Platform modules already initialized, skipping
Refreshing native plugins compatible for Editor in 0.33 ms, found 1 plugins.
Preloading 0 native plugins for Editor in 0.00 ms.
Unloading 1804 Unused Serialized files (Serialized files now loaded: 0)
System memory in use before: 88.1 MB.
System memory in use after: 88.1 MB.

Unloading 12 unused Assets to reduce memory usage. Loaded Objects now: 2306.
Total: 2.070100 ms (FindLiveObjects: 0.188400 ms CreateObjectMapping: 0.042500 ms MarkObjects: 1.714800 ms  DeleteObjects: 0.122900 ms)

========================================================================
Received Prepare
Registering precompiled user dll's ...
Registered in 0.000837 seconds.
Begin MonoManager ReloadAssembly
Native extension for WindowsStandalone target not found
Native extension for WebGL target not found
Refreshing native plugins compatible for Editor in 0.48 ms, found 1 plugins.
Preloading 0 native plugins for Editor in 0.00 ms.
Invoked RoslynAnalysisRunner static constructor.
RoslynAnalysisRunner will not be running.
RoslynAnalysisRunner has terminated.
Mono: successfully reloaded assembly
- Completed reload, in  1.046 seconds
Platform modules already initialized, skipping
Refreshing native plugins compatible for Editor in 0.55 ms, found 1 plugins.
Preloading 0 native plugins for Editor in 0.00 ms.
Unloading 1804 Unused Serialized files (Serialized files now loaded: 0)
System memory in use before: 88.1 MB.
System memory in use after: 88.1 MB.

Unloading 12 unused Assets to reduce memory usage. Loaded Objects now: 2310.
Total: 2.364300 ms (FindLiveObjects: 0.274800 ms CreateObjectMapping: 0.073600 ms MarkObjects: 1.878800 ms  DeleteObjects: 0.136100 ms)

========================================================================
Received Prepare
Registering precompiled user dll's ...
Registered in 0.001012 seconds.
Begin MonoManager ReloadAssembly
Native extension for WindowsStandalone target not found
Native extension for WebGL target not found
Refreshing native plugins compatible for Editor in 0.33 ms, found 1 plugins.
Preloading 0 native plugins for Editor in 0.00 ms.
Invoked RoslynAnalysisRunner static constructor.
RoslynAnalysisRunner will not be running.
RoslynAnalysisRunner has terminated.
Mono: successfully reloaded assembly
- Completed reload, in  0.995 seconds
Platform modules already initialized, skipping
Refreshing native plugins compatible for Editor in 0.34 ms, found 1 plugins.
Preloading 0 native plugins for Editor in 0.00 ms.
Unloading 1804 Unused Serialized files (Serialized files now loaded: 0)
System memory in use before: 88.1 MB.
System memory in use after: 88.1 MB.

Unloading 12 unused Assets to reduce memory usage. Loaded Objects now: 2314.
Total: 2.034400 ms (FindLiveObjects: 0.180300 ms CreateObjectMapping: 0.044100 ms MarkObjects: 1.675200 ms  DeleteObjects: 0.134000 ms)

========================================================================
Received Prepare
Registering precompiled user dll's ...
Registered in 0.001016 seconds.
Begin MonoManager ReloadAssembly
Native extension for WindowsStandalone target not found
Native extension for WebGL target not found
Refreshing native plugins compatible for Editor in 0.45 ms, found 1 plugins.
Preloading 0 native plugins for Editor in 0.00 ms.
Invoked RoslynAnalysisRunner static constructor.
RoslynAnalysisRunner will not be running.
RoslynAnalysisRunner has terminated.
Mono: successfully reloaded assembly
- Completed reload, in  1.055 seconds
Platform modules already initialized, skipping
Refreshing native plugins compatible for Editor in 0.33 ms, found 1 plugins.
Preloading 0 native plugins for Editor in 0.00 ms.
Unloading 1804 Unused Serialized files (Serialized files now loaded: 0)
System memory in use before: 88.1 MB.
System memory in use after: 88.1 MB.

Unloading 12 unused Assets to reduce memory usage. Loaded Objects now: 2318.
Total: 2.003100 ms (FindLiveObjects: 0.185900 ms CreateObjectMapping: 0.042800 ms MarkObjects: 1.640900 ms  DeleteObjects: 0.132700 ms)

========================================================================
Received Prepare
Registering precompiled user dll's ...
Registered in 0.000814 seconds.
Begin MonoManager ReloadAssembly
Native extension for WindowsStandalone target not found
Native extension for WebGL target not found
Refreshing native plugins compatible for Editor in 0.41 ms, found 1 plugins.
Preloading 0 native plugins for Editor in 0.00 ms.
Invoked RoslynAnalysisRunner static constructor.
RoslynAnalysisRunner will not be running.
RoslynAnalysisRunner has terminated.
Mono: successfully reloaded assembly
- Completed reload, in  1.030 seconds
Platform modules already initialized, skipping
Refreshing native plugins compatible for Editor in 0.35 ms, found 1 plugins.
Preloading 0 native plugins for Editor in 0.00 ms.
Unloading 1804 Unused Serialized files (Serialized files now loaded: 0)
System memory in use before: 88.1 MB.
System memory in use after: 88.1 MB.

Unloading 12 unused Assets to reduce memory usage. Loaded Objects now: 2322.
Total: 2.292300 ms (FindLiveObjects: 0.193000 ms CreateObjectMapping: 0.043400 ms MarkObjects: 1.921000 ms  DeleteObjects: 0.133600 ms)

========================================================================
Received Prepare
Registering precompiled user dll's ...
Registered in 0.001022 seconds.
Begin MonoManager ReloadAssembly
Native extension for WindowsStandalone target not found
Native extension for WebGL target not found
Refreshing native plugins compatible for Editor in 0.51 ms, found 1 plugins.
Preloading 0 native plugins for Editor in 0.00 ms.
Invoked RoslynAnalysisRunner static constructor.
RoslynAnalysisRunner will not be running.
RoslynAnalysisRunner has terminated.
Mono: successfully reloaded assembly
- Completed reload, in  0.989 seconds
Platform modules already initialized, skipping
Refreshing native plugins compatible for Editor in 0.50 ms, found 1 plugins.
Preloading 0 native plugins for Editor in 0.00 ms.
Unloading 1817 Unused Serialized files (Serialized files now loaded: 0)
System memory in use before: 90.1 MB.
System memory in use after: 89.5 MB.

Unloading 25 unused Assets to reduce memory usage. Loaded Objects now: 2326.
Total: 2.626500 ms (FindLiveObjects: 0.229200 ms CreateObjectMapping: 0.059500 ms MarkObjects: 1.789400 ms  DeleteObjects: 0.547300 ms)

========================================================================
Received Import Request.
  Time since last request: 834.822138 seconds.
  path: ProjectSettings/TagManager.asset
  artifactKey: Guid(00000000000000003000000000000000) Importer(815301076,1909f56bfc062723c751e8b465ee728b)
Start importing ProjectSettings/TagManager.asset using Guid(00000000000000003000000000000000) Importer(815301076,1909f56bfc062723c751e8b465ee728b)  -> (artifact id: '37bfc44d89cc5db38fc079d31dceb4c4') in 0.012875 seconds
  Import took 0.015799 seconds .

========================================================================
Received Prepare
Registering precompiled user dll's ...
Registered in 0.000809 seconds.
Begin MonoManager ReloadAssembly
Native extension for WindowsStandalone target not found
Native extension for WebGL target not found
Refreshing native plugins compatible for Editor in 0.36 ms, found 1 plugins.
Preloading 0 native plugins for Editor in 0.00 ms.
Invoked RoslynAnalysisRunner static constructor.
RoslynAnalysisRunner will not be running.
RoslynAnalysisRunner has terminated.
Mono: successfully reloaded assembly
- Completed reload, in  0.992 seconds
Platform modules already initialized, skipping
Refreshing native plugins compatible for Editor in 0.34 ms, found 1 plugins.
Preloading 0 native plugins for Editor in 0.00 ms.
Unloading 1817 Unused Serialized files (Serialized files now loaded: 0)
System memory in use before: 90.2 MB.
System memory in use after: 89.5 MB.

Unloading 26 unused Assets to reduce memory usage. Loaded Objects now: 2330.
Total: 2.333500 ms (FindLiveObjects: 0.213700 ms CreateObjectMapping: 0.044100 ms MarkObjects: 1.632700 ms  DeleteObjects: 0.441800 ms)

========================================================================
Received Import Request.
  Time since last request: 78.681400 seconds.
  path: Assets/_Scripts/GameManager.cs
  artifactKey: Guid(6c0cbc08bff68d24eb47482d26997445) Importer(815301076,1909f56bfc062723c751e8b465ee728b)
Start importing Assets/_Scripts/GameManager.cs using Guid(6c0cbc08bff68d24eb47482d26997445) Importer(815301076,1909f56bfc062723c751e8b465ee728b)  -> (artifact id: '064eda1439cabe7f80fd370d6e8cdf43') in 0.009499 seconds
  Import took 0.032535 seconds .

========================================================================
Received Import Request.
  Time since last request: 0.002128 seconds.
  path: Assets/_Scripts/GameManager.cs
  artifactKey: Guid(6c0cbc08bff68d24eb47482d26997445) Importer(815301076,1909f56bfc062723c751e8b465ee728b)
Start importing Assets/_Scripts/GameManager.cs using Guid(6c0cbc08bff68d24eb47482d26997445) Importer(815301076,1909f56bfc062723c751e8b465ee728b)  -> (artifact id: '064eda1439cabe7f80fd370d6e8cdf43') in 0.001886 seconds
  Import took 0.005588 seconds .

========================================================================
Received Prepare
Registering precompiled user dll's ...
Registered in 0.000998 seconds.
Begin MonoManager ReloadAssembly
Native extension for WindowsStandalone target not found
Native extension for WebGL target not found
Refreshing native plugins compatible for Editor in 0.36 ms, found 1 plugins.
Preloading 0 native plugins for Editor in 0.00 ms.
Invoked RoslynAnalysisRunner static constructor.
RoslynAnalysisRunner will not be running.
RoslynAnalysisRunner has terminated.
Mono: successfully reloaded assembly
- Completed reload, in  1.081 seconds
Platform modules already initialized, skipping
Refreshing native plugins compatible for Editor in 0.35 ms, found 1 plugins.
Preloading 0 native plugins for Editor in 0.00 ms.
Unloading 1818 Unused Serialized files (Serialized files now loaded: 0)
System memory in use before: 90.2 MB.
System memory in use after: 89.5 MB.

Unloading 25 unused Assets to reduce memory usage. Loaded Objects now: 2335.
Total: 2.563800 ms (FindLiveObjects: 0.258100 ms CreateObjectMapping: 0.067500 ms MarkObjects: 1.802700 ms  DeleteObjects: 0.434200 ms)

========================================================================
Received Import Request.
  Time since last request: 9.816679 seconds.
  path: Assets/_Scripts/BallManager.cs
  artifactKey: Guid(75e2637aea6b5204887f3d974f54e734) Importer(815301076,1909f56bfc062723c751e8b465ee728b)
Start importing Assets/_Scripts/BallManager.cs using Guid(75e2637aea6b5204887f3d974f54e734) Importer(815301076,1909f56bfc062723c751e8b465ee728b)  -> (artifact id: 'b36f15345fcffd3ef7bb9e2f701f30bb') in 0.009970 seconds
  Import took 0.013239 seconds .

========================================================================
Received Prepare
Registering precompiled user dll's ...
Registered in 0.001230 seconds.
Begin MonoManager ReloadAssembly
Native extension for WindowsStandalone target not found
Native extension for WebGL target not found
Refreshing native plugins compatible for Editor in 0.34 ms, found 1 plugins.
Preloading 0 native plugins for Editor in 0.00 ms.
Invoked RoslynAnalysisRunner static constructor.
RoslynAnalysisRunner will not be running.
RoslynAnalysisRunner has terminated.
Mono: successfully reloaded assembly
- Completed reload, in  1.000 seconds
Platform modules already initialized, skipping
Refreshing native plugins compatible for Editor in 0.36 ms, found 1 plugins.
Preloading 0 native plugins for Editor in 0.00 ms.
Unloading 1819 Unused Serialized files (Serialized files now loaded: 0)
System memory in use before: 90.2 MB.
System memory in use after: 89.5 MB.

Unloading 25 unused Assets to reduce memory usage. Loaded Objects now: 2340.
Total: 2.484100 ms (FindLiveObjects: 0.203700 ms CreateObjectMapping: 0.053400 ms MarkObjects: 1.808800 ms  DeleteObjects: 0.416700 ms)

========================================================================
Received Import Request.
  Time since last request: 27.353272 seconds.
  path: Assets/Prefabs/Ball.prefab
  artifactKey: Guid(26ed708308a92184a9bfae7a0b76b296) Importer(815301076,1909f56bfc062723c751e8b465ee728b)
Start importing Assets/Prefabs/Ball.prefab using Guid(26ed708308a92184a9bfae7a0b76b296) Importer(815301076,1909f56bfc062723c751e8b465ee728b)  -> (artifact id: 'd1cbeb482b159d214c97cefaa75f95fa') in 0.062499 seconds
  Import took 0.073755 seconds .

========================================================================
Received Prepare
Registering precompiled user dll's ...
Registered in 0.001052 seconds.
Begin MonoManager ReloadAssembly
Native extension for WindowsStandalone target not found
Native extension for WebGL target not found
Refreshing native plugins compatible for Editor in 0.49 ms, found 1 plugins.
Preloading 0 native plugins for Editor in 0.00 ms.
Invoked RoslynAnalysisRunner static constructor.
RoslynAnalysisRunner will not be running.
RoslynAnalysisRunner has terminated.
Mono: successfully reloaded assembly
- Completed reload, in  1.059 seconds
Platform modules already initialized, skipping
Refreshing native plugins compatible for Editor in 0.55 ms, found 1 plugins.
Preloading 0 native plugins for Editor in 0.00 ms.
Unloading 1819 Unused Serialized files (Serialized files now loaded: 0)
System memory in use before: 90.2 MB.
System memory in use after: 89.5 MB.

Unloading 25 unused Assets to reduce memory usage. Loaded Objects now: 2345.
Total: 2.297900 ms (FindLiveObjects: 0.220300 ms CreateObjectMapping: 0.043600 ms MarkObjects: 1.602200 ms  DeleteObjects: 0.430800 ms)

========================================================================
Received Prepare
Registering precompiled user dll's ...
Registered in 0.001017 seconds.
Begin MonoManager ReloadAssembly
Native extension for WindowsStandalone target not found
Native extension for WebGL target not found
Refreshing native plugins compatible for Editor in 0.52 ms, found 1 plugins.
Preloading 0 native plugins for Editor in 0.00 ms.
Invoked RoslynAnalysisRunner static constructor.
RoslynAnalysisRunner will not be running.
RoslynAnalysisRunner has terminated.
Mono: successfully reloaded assembly
- Completed reload, in  1.040 seconds
Platform modules already initialized, skipping
Refreshing native plugins compatible for Editor in 0.51 ms, found 1 plugins.
Preloading 0 native plugins for Editor in 0.00 ms.
Unloading 1819 Unused Serialized files (Serialized files now loaded: 0)
System memory in use before: 90.2 MB.
System memory in use after: 89.6 MB.

Unloading 25 unused Assets to reduce memory usage. Loaded Objects now: 2349.
Total: 2.856900 ms (FindLiveObjects: 0.283100 ms CreateObjectMapping: 0.065000 ms MarkObjects: 1.885800 ms  DeleteObjects: 0.621500 ms)

========================================================================
Received Import Request.
  Time since last request: 48.317178 seconds.
  path: Assets/_Scripts/BallManager.cs
  artifactKey: Guid(75e2637aea6b5204887f3d974f54e734) Importer(815301076,1909f56bfc062723c751e8b465ee728b)
Start importing Assets/_Scripts/BallManager.cs using Guid(75e2637aea6b5204887f3d974f54e734) Importer(815301076,1909f56bfc062723c751e8b465ee728b)  -> (artifact id: '6e4e80add50b8752986a614e6c27a6c5') in 0.006013 seconds
  Import took 0.010369 seconds .

========================================================================
Received Prepare
Registering precompiled user dll's ...
Registered in 0.001153 seconds.
Begin MonoManager ReloadAssembly
Native extension for WindowsStandalone target not found
Native extension for WebGL target not found
Refreshing native plugins compatible for Editor in 0.49 ms, found 1 plugins.
Preloading 0 native plugins for Editor in 0.00 ms.
Invoked RoslynAnalysisRunner static constructor.
RoslynAnalysisRunner will not be running.
RoslynAnalysisRunner has terminated.
Mono: successfully reloaded assembly
- Completed reload, in  0.989 seconds
Platform modules already initialized, skipping
Refreshing native plugins compatible for Editor in 0.54 ms, found 1 plugins.
Preloading 0 native plugins for Editor in 0.00 ms.
Unloading 1819 Unused Serialized files (Serialized files now loaded: 0)
System memory in use before: 90.2 MB.
System memory in use after: 89.6 MB.

Unloading 25 unused Assets to reduce memory usage. Loaded Objects now: 2353.
Total: 2.703400 ms (FindLiveObjects: 0.351500 ms CreateObjectMapping: 0.090400 ms MarkObjects: 1.837800 ms  DeleteObjects: 0.422100 ms)

========================================================================
Received Import Request.
  Time since last request: 22.644906 seconds.
  path: Assets/_Scripts/BallManager.cs
  artifactKey: Guid(75e2637aea6b5204887f3d974f54e734) Importer(815301076,1909f56bfc062723c751e8b465ee728b)
Start importing Assets/_Scripts/BallManager.cs using Guid(75e2637aea6b5204887f3d974f54e734) Importer(815301076,1909f56bfc062723c751e8b465ee728b)  -> (artifact id: '6cfb674cf862ed1033b4d55db29a0479') in 0.004262 seconds
  Import took 0.007125 seconds .

========================================================================
Received Prepare
Registering precompiled user dll's ...
Registered in 0.001014 seconds.
Begin MonoManager ReloadAssembly
Native extension for WindowsStandalone target not found
Native extension for WebGL target not found
Refreshing native plugins compatible for Editor in 0.67 ms, found 1 plugins.
Preloading 0 native plugins for Editor in 0.00 ms.
Invoked RoslynAnalysisRunner static constructor.
RoslynAnalysisRunner will not be running.
RoslynAnalysisRunner has terminated.
Mono: successfully reloaded assembly
- Completed reload, in  1.009 seconds
Platform modules already initialized, skipping
Refreshing native plugins compatible for Editor in 0.34 ms, found 1 plugins.
Preloading 0 native plugins for Editor in 0.00 ms.
Unloading 1819 Unused Serialized files (Serialized files now loaded: 0)
System memory in use before: 90.2 MB.
System memory in use after: 89.6 MB.

Unloading 25 unused Assets to reduce memory usage. Loaded Objects now: 2357.
Total: 2.365200 ms (FindLiveObjects: 0.189400 ms CreateObjectMapping: 0.043100 ms MarkObjects: 1.720700 ms  DeleteObjects: 0.410600 ms)

========================================================================
Received Import Request.
  Time since last request: 104.419297 seconds.
  path: Assets/_Scripts/GameManager.cs
  artifactKey: Guid(6c0cbc08bff68d24eb47482d26997445) Importer(815301076,1909f56bfc062723c751e8b465ee728b)
Start importing Assets/_Scripts/GameManager.cs using Guid(6c0cbc08bff68d24eb47482d26997445) Importer(815301076,1909f56bfc062723c751e8b465ee728b)  -> (artifact id: '115bbaa288485c288b81b801981583a3') in 0.004859 seconds
  Import took 0.008062 seconds .

========================================================================
Received Import Request.
  Time since last request: 22.420046 seconds.
  path: Assets/Prefabs/Ball.prefab
  artifactKey: Guid(26ed708308a92184a9bfae7a0b76b296) Importer(815301076,1909f56bfc062723c751e8b465ee728b)
Start importing Assets/Prefabs/Ball.prefab using Guid(26ed708308a92184a9bfae7a0b76b296) Importer(815301076,1909f56bfc062723c751e8b465ee728b)  -> (artifact id: '7dac77b9d8b70dddf5063f6a723c759b') in 0.055811 seconds
  Import took 0.073231 seconds .

========================================================================
Received Import Request.
  Time since last request: 4.343805 seconds.
  path: Assets/Prefabs/Ball.prefab
  artifactKey: Guid(26ed708308a92184a9bfae7a0b76b296) Importer(815301076,1909f56bfc062723c751e8b465ee728b)
Start importing Assets/Prefabs/Ball.prefab using Guid(26ed708308a92184a9bfae7a0b76b296) Importer(815301076,1909f56bfc062723c751e8b465ee728b)  -> (artifact id: '23d1d785ccb97e72f176b153ad010fb5') in 0.007789 seconds
  Import took 0.010915 seconds .

========================================================================
Received Import Request.
  Time since last request: 2.040930 seconds.
  path: Assets/Prefabs/Ball.prefab
  artifactKey: Guid(26ed708308a92184a9bfae7a0b76b296) Importer(815301076,1909f56bfc062723c751e8b465ee728b)
Start importing Assets/Prefabs/Ball.prefab using Guid(26ed708308a92184a9bfae7a0b76b296) Importer(815301076,1909f56bfc062723c751e8b465ee728b)  -> (artifact id: 'a63020d1cd9be825def79d20afec8cd0') in 0.007421 seconds
  Import took 0.010476 seconds .

========================================================================
Received Prepare
Registering precompiled user dll's ...
Registered in 0.001014 seconds.
Begin MonoManager ReloadAssembly
Native extension for WindowsStandalone target not found
Native extension for WebGL target not found
Refreshing native plugins compatible for Editor in 0.46 ms, found 1 plugins.
Preloading 0 native plugins for Editor in 0.00 ms.
Invoked RoslynAnalysisRunner static constructor.
RoslynAnalysisRunner will not be running.
RoslynAnalysisRunner has terminated.
Mono: successfully reloaded assembly
- Completed reload, in  1.008 seconds
Platform modules already initialized, skipping
Refreshing native plugins compatible for Editor in 0.34 ms, found 1 plugins.
Preloading 0 native plugins for Editor in 0.00 ms.
Unloading 1819 Unused Serialized files (Serialized files now loaded: 0)
System memory in use before: 90.3 MB.
System memory in use after: 89.6 MB.

Unloading 25 unused Assets to reduce memory usage. Loaded Objects now: 2362.
Total: 2.529100 ms (FindLiveObjects: 0.261200 ms CreateObjectMapping: 0.060300 ms MarkObjects: 1.777900 ms  DeleteObjects: 0.428800 ms)

========================================================================
Received Import Request.
  Time since last request: 168.375134 seconds.
  path: Assets/Prefabs/Ball.prefab
  artifactKey: Guid(26ed708308a92184a9bfae7a0b76b296) Importer(815301076,1909f56bfc062723c751e8b465ee728b)
Start importing Assets/Prefabs/Ball.prefab using Guid(26ed708308a92184a9bfae7a0b76b296) Importer(815301076,1909f56bfc062723c751e8b465ee728b)  -> (artifact id: '3410cb992f342b78f78ba61f3bb9c655') in 0.058739 seconds
  Import took 0.062260 seconds .

========================================================================
Received Import Request.
  Time since last request: 2.964026 seconds.
  path: Assets/Prefabs/Ball.prefab
  artifactKey: Guid(26ed708308a92184a9bfae7a0b76b296) Importer(815301076,1909f56bfc062723c751e8b465ee728b)
Start importing Assets/Prefabs/Ball.prefab using Guid(26ed708308a92184a9bfae7a0b76b296) Importer(815301076,1909f56bfc062723c751e8b465ee728b)  -> (artifact id: '132028c56cf395b2b2e3be50cc5f1059') in 0.007661 seconds
  Import took 0.010981 seconds .

========================================================================
Received Import Request.
  Time since last request: 40.312101 seconds.
  path: Assets/Prefabs/Player_1.prefab
  artifactKey: Guid(e60a7cb92188bb44caaa0b4ab180d548) Importer(815301076,1909f56bfc062723c751e8b465ee728b)
Start importing Assets/Prefabs/Player_1.prefab using Guid(e60a7cb92188bb44caaa0b4ab180d548) Importer(815301076,1909f56bfc062723c751e8b465ee728b)  -> (artifact id: '331b6f5f08d203c03a0a32175587a01b') in 0.020694 seconds
  Import took 0.042590 seconds .

========================================================================
Received Prepare
Registering precompiled user dll's ...
Registered in 0.000902 seconds.
Begin MonoManager ReloadAssembly
Native extension for WindowsStandalone target not found
Native extension for WebGL target not found
Refreshing native plugins compatible for Editor in 0.55 ms, found 1 plugins.
Preloading 0 native plugins for Editor in 0.00 ms.
Invoked RoslynAnalysisRunner static constructor.
RoslynAnalysisRunner will not be running.
RoslynAnalysisRunner has terminated.
Mono: successfully reloaded assembly
- Completed reload, in  0.994 seconds
Platform modules already initialized, skipping
Refreshing native plugins compatible for Editor in 0.35 ms, found 1 plugins.
Preloading 0 native plugins for Editor in 0.00 ms.
Unloading 1819 Unused Serialized files (Serialized files now loaded: 0)
System memory in use before: 90.3 MB.
System memory in use after: 89.6 MB.

Unloading 25 unused Assets to reduce memory usage. Loaded Objects now: 2367.
Total: 2.953900 ms (FindLiveObjects: 0.287600 ms CreateObjectMapping: 0.061000 ms MarkObjects: 2.118700 ms  DeleteObjects: 0.485200 ms)

========================================================================
Received Prepare
Registering precompiled user dll's ...
Registered in 0.000884 seconds.
Begin MonoManager ReloadAssembly
Native extension for WindowsStandalone target not found
Native extension for WebGL target not found
Refreshing native plugins compatible for Editor in 0.36 ms, found 1 plugins.
Preloading 0 native plugins for Editor in 0.00 ms.
Invoked RoslynAnalysisRunner static constructor.
RoslynAnalysisRunner will not be running.
RoslynAnalysisRunner has terminated.
Mono: successfully reloaded assembly
- Completed reload, in  0.970 seconds
Platform modules already initialized, skipping
Refreshing native plugins compatible for Editor in 0.39 ms, found 1 plugins.
Preloading 0 native plugins for Editor in 0.00 ms.
Unloading 1819 Unused Serialized files (Serialized files now loaded: 0)
System memory in use before: 90.3 MB.
System memory in use after: 89.6 MB.

Unloading 25 unused Assets to reduce memory usage. Loaded Objects now: 2371.
Total: 2.345700 ms (FindLiveObjects: 0.268900 ms CreateObjectMapping: 0.052400 ms MarkObjects: 1.607200 ms  DeleteObjects: 0.415900 ms)

========================================================================
Received Prepare
Registering precompiled user dll's ...
Registered in 0.001023 seconds.
Begin MonoManager ReloadAssembly
Native extension for WindowsStandalone target not found
Native extension for WebGL target not found
Refreshing native plugins compatible for Editor in 0.34 ms, found 1 plugins.
Preloading 0 native plugins for Editor in 0.00 ms.
Invoked RoslynAnalysisRunner static constructor.
RoslynAnalysisRunner will not be running.
RoslynAnalysisRunner has terminated.
Mono: successfully reloaded assembly
- Completed reload, in  1.005 seconds
Platform modules already initialized, skipping
Refreshing native plugins compatible for Editor in 0.35 ms, found 1 plugins.
Preloading 0 native plugins for Editor in 0.00 ms.
Unloading 1819 Unused Serialized files (Serialized files now loaded: 0)
System memory in use before: 90.3 MB.
System memory in use after: 89.6 MB.

Unloading 25 unused Assets to reduce memory usage. Loaded Objects now: 2375.
Total: 2.359100 ms (FindLiveObjects: 0.214100 ms CreateObjectMapping: 0.043800 ms MarkObjects: 1.684800 ms  DeleteObjects: 0.414900 ms)

========================================================================
Received Prepare
Registering precompiled user dll's ...
Registered in 0.001005 seconds.
Begin MonoManager ReloadAssembly
Native extension for WindowsStandalone target not found
Native extension for WebGL target not found
Refreshing native plugins compatible for Editor in 0.55 ms, found 1 plugins.
Preloading 0 native plugins for Editor in 0.00 ms.
Invoked RoslynAnalysisRunner static constructor.
RoslynAnalysisRunner will not be running.
RoslynAnalysisRunner has terminated.
Mono: successfully reloaded assembly
- Completed reload, in  1.140 seconds
Platform modules already initialized, skipping
Refreshing native plugins compatible for Editor in 0.41 ms, found 1 plugins.
Preloading 0 native plugins for Editor in 0.00 ms.
Unloading 1819 Unused Serialized files (Serialized files now loaded: 0)
System memory in use before: 90.3 MB.
System memory in use after: 89.6 MB.

Unloading 25 unused Assets to reduce memory usage. Loaded Objects now: 2379.
Total: 2.832100 ms (FindLiveObjects: 0.193700 ms CreateObjectMapping: 0.043900 ms MarkObjects: 2.100600 ms  DeleteObjects: 0.492700 ms)

========================================================================
Received Import Request.
  Time since last request: 90.274772 seconds.
  path: Assets/Prefabs/Ball.prefab
  artifactKey: Guid(26ed708308a92184a9bfae7a0b76b296) Importer(815301076,1909f56bfc062723c751e8b465ee728b)
Start importing Assets/Prefabs/Ball.prefab using Guid(26ed708308a92184a9bfae7a0b76b296) Importer(815301076,1909f56bfc062723c751e8b465ee728b)  -> (artifact id: '6a9314e17304871621dea605baeccd61') in 0.062935 seconds
  Import took 0.076078 seconds .

========================================================================
Received Import Request.
  Time since last request: 34.438485 seconds.
  path: Assets/Prefabs/Ball.prefab
  artifactKey: Guid(26ed708308a92184a9bfae7a0b76b296) Importer(815301076,1909f56bfc062723c751e8b465ee728b)
Start importing Assets/Prefabs/Ball.prefab using Guid(26ed708308a92184a9bfae7a0b76b296) Importer(815301076,1909f56bfc062723c751e8b465ee728b)  -> (artifact id: 'dc214d06dd818370f1d2730c3112e830') in 0.007907 seconds
  Import took 0.017609 seconds .

========================================================================
Received Import Request.
  Time since last request: 1.785649 seconds.
  path: Assets/Prefabs/Ball.prefab
  artifactKey: Guid(26ed708308a92184a9bfae7a0b76b296) Importer(815301076,1909f56bfc062723c751e8b465ee728b)
Start importing Assets/Prefabs/Ball.prefab using Guid(26ed708308a92184a9bfae7a0b76b296) Importer(815301076,1909f56bfc062723c751e8b465ee728b)  -> (artifact id: 'ab1bee9f3bf44cbb3974184ef39cbfe6') in 0.009306 seconds
  Import took 0.012297 seconds .

========================================================================
Received Import Request.
  Time since last request: 2.404418 seconds.
  path: Assets/Prefabs/Ball.prefab
  artifactKey: Guid(26ed708308a92184a9bfae7a0b76b296) Importer(815301076,1909f56bfc062723c751e8b465ee728b)
Start importing Assets/Prefabs/Ball.prefab using Guid(26ed708308a92184a9bfae7a0b76b296) Importer(815301076,1909f56bfc062723c751e8b465ee728b)  -> (artifact id: 'de733f787419de0476279687fc876783') in 0.008047 seconds
  Import took 0.011490 seconds .

========================================================================
Received Prepare
Registering precompiled user dll's ...
Registered in 0.001007 seconds.
Begin MonoManager ReloadAssembly
Native extension for WindowsStandalone target not found
Native extension for WebGL target not found
Refreshing native plugins compatible for Editor in 0.35 ms, found 1 plugins.
Preloading 0 native plugins for Editor in 0.00 ms.
Invoked RoslynAnalysisRunner static constructor.
RoslynAnalysisRunner will not be running.
RoslynAnalysisRunner has terminated.
Mono: successfully reloaded assembly
- Completed reload, in  0.980 seconds
Platform modules already initialized, skipping
Refreshing native plugins compatible for Editor in 0.36 ms, found 1 plugins.
Preloading 0 native plugins for Editor in 0.00 ms.
Unloading 1819 Unused Serialized files (Serialized files now loaded: 0)
System memory in use before: 90.3 MB.
System memory in use after: 89.7 MB.

Unloading 25 unused Assets to reduce memory usage. Loaded Objects now: 2384.
Total: 2.821900 ms (FindLiveObjects: 0.220100 ms CreateObjectMapping: 0.046700 ms MarkObjects: 1.939400 ms  DeleteObjects: 0.614400 ms)

========================================================================
Received Import Request.
  Time since last request: 31.266984 seconds.
  path: Assets/Materials
  artifactKey: Guid(765b55ab0c9437a42b335b8c58a62496) Importer(815301076,1909f56bfc062723c751e8b465ee728b)
Start importing Assets/Materials using Guid(765b55ab0c9437a42b335b8c58a62496) Importer(815301076,1909f56bfc062723c751e8b465ee728b)  -> (artifact id: '2a1b6424ecc807614fd53d330ca31fe0') in 0.008754 seconds
  Import took 0.027266 seconds .

========================================================================
Received Import Request.
  Time since last request: 20.202931 seconds.
  path: Assets/Materials/BallMaterial.physicsMaterial2D
  artifactKey: Guid(9222e90dee938c44e8d2509792d6f80b) Importer(815301076,1909f56bfc062723c751e8b465ee728b)
Start importing Assets/Materials/BallMaterial.physicsMaterial2D using Guid(9222e90dee938c44e8d2509792d6f80b) Importer(815301076,1909f56bfc062723c751e8b465ee728b)  -> (artifact id: '0f1fb9b018b9fee6e5fea67a8049e6ac') in 0.015021 seconds
  Import took 0.018612 seconds .

========================================================================
Received Import Request.
  Time since last request: 5.148811 seconds.
  path: Assets/Materials/BallMaterial.physicsMaterial2D
  artifactKey: Guid(9222e90dee938c44e8d2509792d6f80b) Importer(815301076,1909f56bfc062723c751e8b465ee728b)
Start importing Assets/Materials/BallMaterial.physicsMaterial2D using Guid(9222e90dee938c44e8d2509792d6f80b) Importer(815301076,1909f56bfc062723c751e8b465ee728b)  -> (artifact id: '2204fd1092f5234ef175790163eeec0f') in 0.002206 seconds
  Import took 0.005863 seconds .

========================================================================
Received Import Request.
  Time since last request: 17.491104 seconds.
  path: Assets/Prefabs/Ball.prefab
  artifactKey: Guid(26ed708308a92184a9bfae7a0b76b296) Importer(815301076,1909f56bfc062723c751e8b465ee728b)
Start importing Assets/Prefabs/Ball.prefab using Guid(26ed708308a92184a9bfae7a0b76b296) Importer(815301076,1909f56bfc062723c751e8b465ee728b)  -> (artifact id: '0eb9408aad135c2cfe61a660f6984bd7') in 0.047559 seconds
  Import took 0.050706 seconds .

========================================================================
Received Prepare
Registering precompiled user dll's ...
Registered in 0.001022 seconds.
Begin MonoManager ReloadAssembly
Native extension for WindowsStandalone target not found
Native extension for WebGL target not found
Refreshing native plugins compatible for Editor in 0.34 ms, found 1 plugins.
Preloading 0 native plugins for Editor in 0.00 ms.
Invoked RoslynAnalysisRunner static constructor.
RoslynAnalysisRunner will not be running.
RoslynAnalysisRunner has terminated.
Mono: successfully reloaded assembly
- Completed reload, in  0.995 seconds
Platform modules already initialized, skipping
Refreshing native plugins compatible for Editor in 0.36 ms, found 1 plugins.
Preloading 0 native plugins for Editor in 0.00 ms.
Unloading 1819 Unused Serialized files (Serialized files now loaded: 0)
System memory in use before: 90.3 MB.
System memory in use after: 89.7 MB.

Unloading 25 unused Assets to reduce memory usage. Loaded Objects now: 2389.
Total: 2.356600 ms (FindLiveObjects: 0.194200 ms CreateObjectMapping: 0.045700 ms MarkObjects: 1.693600 ms  DeleteObjects: 0.422200 ms)

========================================================================
Received Prepare
Registering precompiled user dll's ...
Registered in 0.001041 seconds.
Begin MonoManager ReloadAssembly
Native extension for WindowsStandalone target not found
Native extension for WebGL target not found
Refreshing native plugins compatible for Editor in 0.50 ms, found 1 plugins.
Preloading 0 native plugins for Editor in 0.00 ms.
Invoked RoslynAnalysisRunner static constructor.
RoslynAnalysisRunner will not be running.
RoslynAnalysisRunner has terminated.
Mono: successfully reloaded assembly
- Completed reload, in  1.019 seconds
Platform modules already initialized, skipping
Refreshing native plugins compatible for Editor in 0.41 ms, found 1 plugins.
Preloading 0 native plugins for Editor in 0.00 ms.
Unloading 1819 Unused Serialized files (Serialized files now loaded: 0)
System memory in use before: 90.4 MB.
System memory in use after: 89.7 MB.

Unloading 25 unused Assets to reduce memory usage. Loaded Objects now: 2393.
Total: 2.882700 ms (FindLiveObjects: 0.291300 ms CreateObjectMapping: 0.062400 ms MarkObjects: 2.043300 ms  DeleteObjects: 0.484900 ms)

========================================================================
Received Prepare
Registering precompiled user dll's ...
Registered in 0.000911 seconds.
Begin MonoManager ReloadAssembly
Native extension for WindowsStandalone target not found
Native extension for WebGL target not found
Refreshing native plugins compatible for Editor in 0.36 ms, found 1 plugins.
Preloading 0 native plugins for Editor in 0.00 ms.
Invoked RoslynAnalysisRunner static constructor.
RoslynAnalysisRunner will not be running.
RoslynAnalysisRunner has terminated.
Mono: successfully reloaded assembly
- Completed reload, in  0.947 seconds
Platform modules already initialized, skipping
Refreshing native plugins compatible for Editor in 0.34 ms, found 1 plugins.
Preloading 0 native plugins for Editor in 0.00 ms.
Unloading 1819 Unused Serialized files (Serialized files now loaded: 0)
System memory in use before: 90.4 MB.
System memory in use after: 89.7 MB.

Unloading 25 unused Assets to reduce memory usage. Loaded Objects now: 2397.
Total: 2.322400 ms (FindLiveObjects: 0.203700 ms CreateObjectMapping: 0.045400 ms MarkObjects: 1.638700 ms  DeleteObjects: 0.433800 ms)

========================================================================
Received Prepare
Registering precompiled user dll's ...
Registered in 0.000979 seconds.
Begin MonoManager ReloadAssembly
Native extension for WindowsStandalone target not found
Native extension for WebGL target not found
Refreshing native plugins compatible for Editor in 0.41 ms, found 1 plugins.
Preloading 0 native plugins for Editor in 0.00 ms.
Invoked RoslynAnalysisRunner static constructor.
RoslynAnalysisRunner will not be running.
RoslynAnalysisRunner has terminated.
Mono: successfully reloaded assembly
- Completed reload, in  0.973 seconds
Platform modules already initialized, skipping
Refreshing native plugins compatible for Editor in 0.33 ms, found 1 plugins.
Preloading 0 native plugins for Editor in 0.00 ms.
Unloading 1819 Unused Serialized files (Serialized files now loaded: 0)
System memory in use before: 90.4 MB.
System memory in use after: 89.7 MB.

Unloading 25 unused Assets to reduce memory usage. Loaded Objects now: 2401.
Total: 2.458500 ms (FindLiveObjects: 0.234100 ms CreateObjectMapping: 0.051700 ms MarkObjects: 1.758000 ms  DeleteObjects: 0.413600 ms)

========================================================================
Received Prepare
Registering precompiled user dll's ...
Registered in 0.000808 seconds.
Begin MonoManager ReloadAssembly
Native extension for WindowsStandalone target not found
Native extension for WebGL target not found
Refreshing native plugins compatible for Editor in 0.36 ms, found 1 plugins.
Preloading 0 native plugins for Editor in 0.00 ms.
Invoked RoslynAnalysisRunner static constructor.
RoslynAnalysisRunner will not be running.
RoslynAnalysisRunner has terminated.
Mono: successfully reloaded assembly
- Completed reload, in  0.953 seconds
Platform modules already initialized, skipping
Refreshing native plugins compatible for Editor in 0.34 ms, found 1 plugins.
Preloading 0 native plugins for Editor in 0.00 ms.
Unloading 1819 Unused Serialized files (Serialized files now loaded: 0)
System memory in use before: 90.4 MB.
System memory in use after: 89.7 MB.

Unloading 25 unused Assets to reduce memory usage. Loaded Objects now: 2405.
Total: 2.605000 ms (FindLiveObjects: 0.251900 ms CreateObjectMapping: 0.059000 ms MarkObjects: 1.873300 ms  DeleteObjects: 0.419500 ms)

========================================================================
Received Import Request.
  Time since last request: 514.825676 seconds.
  path: Assets/Prefabs/Player_1.prefab
  artifactKey: Guid(e60a7cb92188bb44caaa0b4ab180d548) Importer(815301076,1909f56bfc062723c751e8b465ee728b)
Start importing Assets/Prefabs/Player_1.prefab using Guid(e60a7cb92188bb44caaa0b4ab180d548) Importer(815301076,1909f56bfc062723c751e8b465ee728b)  -> (artifact id: '1de0c489c7f60e527d0d04fab37ab48d') in 0.072988 seconds
  Import took 0.076049 seconds .

========================================================================
Received Import Request.
  Time since last request: 1.769099 seconds.
  path: Assets/Prefabs/Player_2.prefab
  artifactKey: Guid(de3c51eb5d3151549848c264c98e3fe0) Importer(815301076,1909f56bfc062723c751e8b465ee728b)
Start importing Assets/Prefabs/Player_2.prefab using Guid(de3c51eb5d3151549848c264c98e3fe0) Importer(815301076,1909f56bfc062723c751e8b465ee728b)  -> (artifact id: 'a549004bc00e36b36109f22fdff080f3') in 0.014069 seconds
  Import took 0.017606 seconds .

========================================================================
Received Import Request.
  Time since last request: 16.787405 seconds.
  path: Assets/Prefabs/Player.prefab
  artifactKey: Guid(e60a7cb92188bb44caaa0b4ab180d548) Importer(815301076,1909f56bfc062723c751e8b465ee728b)
Start importing Assets/Prefabs/Player.prefab using Guid(e60a7cb92188bb44caaa0b4ab180d548) Importer(815301076,1909f56bfc062723c751e8b465ee728b)  -> (artifact id: 'bea88e5e7bed5db7c5c1fd130d735ade') in 0.015056 seconds
  Import took 0.018423 seconds .

========================================================================
Received Prepare
Registering precompiled user dll's ...
Registered in 0.000827 seconds.
Begin MonoManager ReloadAssembly
Native extension for WindowsStandalone target not found
Native extension for WebGL target not found
Refreshing native plugins compatible for Editor in 0.35 ms, found 1 plugins.
Preloading 0 native plugins for Editor in 0.00 ms.
Invoked RoslynAnalysisRunner static constructor.
RoslynAnalysisRunner will not be running.
RoslynAnalysisRunner has terminated.
Mono: successfully reloaded assembly
- Completed reload, in  0.948 seconds
Platform modules already initialized, skipping
Refreshing native plugins compatible for Editor in 0.50 ms, found 1 plugins.
Preloading 0 native plugins for Editor in 0.00 ms.
Unloading 1819 Unused Serialized files (Serialized files now loaded: 0)
System memory in use before: 90.4 MB.
System memory in use after: 89.7 MB.

Unloading 25 unused Assets to reduce memory usage. Loaded Objects now: 2410.
Total: 3.626500 ms (FindLiveObjects: 0.311800 ms CreateObjectMapping: 0.065900 ms MarkObjects: 2.667400 ms  DeleteObjects: 0.579900 ms)

========================================================================
Received Prepare
Registering precompiled user dll's ...
Registered in 0.000813 seconds.
Begin MonoManager ReloadAssembly
Native extension for WindowsStandalone target not found
Native extension for WebGL target not found
Refreshing native plugins compatible for Editor in 0.35 ms, found 1 plugins.
Preloading 0 native plugins for Editor in 0.00 ms.
Invoked RoslynAnalysisRunner static constructor.
RoslynAnalysisRunner will not be running.
RoslynAnalysisRunner has terminated.
Mono: successfully reloaded assembly
- Completed reload, in  0.925 seconds
Platform modules already initialized, skipping
Refreshing native plugins compatible for Editor in 0.36 ms, found 1 plugins.
Preloading 0 native plugins for Editor in 0.00 ms.
Unloading 1819 Unused Serialized files (Serialized files now loaded: 0)
System memory in use before: 90.4 MB.
System memory in use after: 89.7 MB.

Unloading 25 unused Assets to reduce memory usage. Loaded Objects now: 2414.
Total: 2.611300 ms (FindLiveObjects: 0.201300 ms CreateObjectMapping: 0.045500 ms MarkObjects: 1.918600 ms  DeleteObjects: 0.444500 ms)

========================================================================
Received Prepare
Registering precompiled user dll's ...
Registered in 0.000925 seconds.
Begin MonoManager ReloadAssembly
Native extension for WindowsStandalone target not found
Native extension for WebGL target not found
Refreshing native plugins compatible for Editor in 0.53 ms, found 1 plugins.
Preloading 0 native plugins for Editor in 0.00 ms.
Invoked RoslynAnalysisRunner static constructor.
RoslynAnalysisRunner will not be running.
RoslynAnalysisRunner has terminated.
Mono: successfully reloaded assembly
- Completed reload, in  0.959 seconds
Platform modules already initialized, skipping
Refreshing native plugins compatible for Editor in 0.47 ms, found 1 plugins.
Preloading 0 native plugins for Editor in 0.00 ms.
Unloading 1819 Unused Serialized files (Serialized files now loaded: 0)
System memory in use before: 90.4 MB.
System memory in use after: 89.7 MB.

Unloading 25 unused Assets to reduce memory usage. Loaded Objects now: 2418.
Total: 2.527500 ms (FindLiveObjects: 0.191700 ms CreateObjectMapping: 0.044000 ms MarkObjects: 1.828900 ms  DeleteObjects: 0.461900 ms)

========================================================================
Received Prepare
Registering precompiled user dll's ...
Registered in 0.000793 seconds.
Begin MonoManager ReloadAssembly
Native extension for WindowsStandalone target not found
Native extension for WebGL target not found
Refreshing native plugins compatible for Editor in 0.34 ms, found 1 plugins.
Preloading 0 native plugins for Editor in 0.00 ms.
Invoked RoslynAnalysisRunner static constructor.
RoslynAnalysisRunner will not be running.
RoslynAnalysisRunner has terminated.
Mono: successfully reloaded assembly
- Completed reload, in  0.994 seconds
Platform modules already initialized, skipping
Refreshing native plugins compatible for Editor in 0.33 ms, found 1 plugins.
Preloading 0 native plugins for Editor in 0.00 ms.
Unloading 1819 Unused Serialized files (Serialized files now loaded: 0)
System memory in use before: 90.4 MB.
System memory in use after: 89.7 MB.

Unloading 25 unused Assets to reduce memory usage. Loaded Objects now: 2422.
Total: 2.462700 ms (FindLiveObjects: 0.282800 ms CreateObjectMapping: 0.044900 ms MarkObjects: 1.717400 ms  DeleteObjects: 0.415900 ms)

========================================================================
Received Prepare
Registering precompiled user dll's ...
Registered in 0.000831 seconds.
Begin MonoManager ReloadAssembly
Native extension for WindowsStandalone target not found
Native extension for WebGL target not found
Refreshing native plugins compatible for Editor in 0.52 ms, found 1 plugins.
Preloading 0 native plugins for Editor in 0.00 ms.
Invoked RoslynAnalysisRunner static constructor.
RoslynAnalysisRunner will not be running.
RoslynAnalysisRunner has terminated.
Mono: successfully reloaded assembly
- Completed reload, in  1.002 seconds
Platform modules already initialized, skipping
Refreshing native plugins compatible for Editor in 0.37 ms, found 1 plugins.
Preloading 0 native plugins for Editor in 0.00 ms.
Unloading 1819 Unused Serialized files (Serialized files now loaded: 0)
System memory in use before: 90.4 MB.
System memory in use after: 89.7 MB.

Unloading 25 unused Assets to reduce memory usage. Loaded Objects now: 2426.
Total: 2.317300 ms (FindLiveObjects: 0.207800 ms CreateObjectMapping: 0.045900 ms MarkObjects: 1.642700 ms  DeleteObjects: 0.419700 ms)

========================================================================
Received Prepare
Registering precompiled user dll's ...
Registered in 0.000860 seconds.
Begin MonoManager ReloadAssembly
Native extension for WindowsStandalone target not found
Native extension for WebGL target not found
Refreshing native plugins compatible for Editor in 0.34 ms, found 1 plugins.
Preloading 0 native plugins for Editor in 0.00 ms.
Invoked RoslynAnalysisRunner static constructor.
RoslynAnalysisRunner will not be running.
RoslynAnalysisRunner has terminated.
Mono: successfully reloaded assembly
- Completed reload, in  0.924 seconds
Platform modules already initialized, skipping
Refreshing native plugins compatible for Editor in 0.33 ms, found 1 plugins.
Preloading 0 native plugins for Editor in 0.00 ms.
Unloading 1819 Unused Serialized files (Serialized files now loaded: 0)
System memory in use before: 90.4 MB.
System memory in use after: 89.8 MB.

Unloading 25 unused Assets to reduce memory usage. Loaded Objects now: 2430.
Total: 2.437400 ms (FindLiveObjects: 0.205900 ms CreateObjectMapping: 0.043700 ms MarkObjects: 1.756700 ms  DeleteObjects: 0.430200 ms)

========================================================================
Received Prepare
Registering precompiled user dll's ...
Registered in 0.000837 seconds.
Begin MonoManager ReloadAssembly
Native extension for WindowsStandalone target not found
Native extension for WebGL target not found
Refreshing native plugins compatible for Editor in 0.48 ms, found 1 plugins.
Preloading 0 native plugins for Editor in 0.00 ms.
Invoked RoslynAnalysisRunner static constructor.
RoslynAnalysisRunner will not be running.
RoslynAnalysisRunner has terminated.
Mono: successfully reloaded assembly
- Completed reload, in  0.983 seconds
Platform modules already initialized, skipping
Refreshing native plugins compatible for Editor in 0.36 ms, found 1 plugins.
Preloading 0 native plugins for Editor in 0.00 ms.
Unloading 1819 Unused Serialized files (Serialized files now loaded: 0)
System memory in use before: 90.4 MB.
System memory in use after: 89.8 MB.

Unloading 25 unused Assets to reduce memory usage. Loaded Objects now: 2434.
Total: 2.342200 ms (FindLiveObjects: 0.228800 ms CreateObjectMapping: 0.045300 ms MarkObjects: 1.645400 ms  DeleteObjects: 0.421200 ms)

========================================================================
Received Prepare
Registering precompiled user dll's ...
Registered in 0.000841 seconds.
Begin MonoManager ReloadAssembly
Native extension for WindowsStandalone target not found
Native extension for WebGL target not found
Refreshing native plugins compatible for Editor in 0.34 ms, found 1 plugins.
Preloading 0 native plugins for Editor in 0.00 ms.
Invoked RoslynAnalysisRunner static constructor.
RoslynAnalysisRunner will not be running.
RoslynAnalysisRunner has terminated.
Mono: successfully reloaded assembly
- Completed reload, in  0.932 seconds
Platform modules already initialized, skipping
Refreshing native plugins compatible for Editor in 0.33 ms, found 1 plugins.
Preloading 0 native plugins for Editor in 0.00 ms.
Unloading 1819 Unused Serialized files (Serialized files now loaded: 0)
System memory in use before: 90.4 MB.
System memory in use after: 89.8 MB.

Unloading 25 unused Assets to reduce memory usage. Loaded Objects now: 2438.
Total: 2.397700 ms (FindLiveObjects: 0.197900 ms CreateObjectMapping: 0.043000 ms MarkObjects: 1.744700 ms  DeleteObjects: 0.410800 ms)

========================================================================
Received Prepare
Registering precompiled user dll's ...
Registered in 0.000885 seconds.
Begin MonoManager ReloadAssembly
Native extension for WindowsStandalone target not found
Native extension for WebGL target not found
Refreshing native plugins compatible for Editor in 0.34 ms, found 1 plugins.
Preloading 0 native plugins for Editor in 0.00 ms.
Invoked RoslynAnalysisRunner static constructor.
RoslynAnalysisRunner will not be running.
RoslynAnalysisRunner has terminated.
Mono: successfully reloaded assembly
- Completed reload, in  1.069 seconds
Platform modules already initialized, skipping
Refreshing native plugins compatible for Editor in 0.34 ms, found 1 plugins.
Preloading 0 native plugins for Editor in 0.00 ms.
Unloading 1819 Unused Serialized files (Serialized files now loaded: 0)
System memory in use before: 90.5 MB.
System memory in use after: 89.8 MB.

Unloading 25 unused Assets to reduce memory usage. Loaded Objects now: 2442.
Total: 2.696500 ms (FindLiveObjects: 0.300700 ms CreateObjectMapping: 0.062300 ms MarkObjects: 1.874500 ms  DeleteObjects: 0.457600 ms)

========================================================================
Received Prepare
Registering precompiled user dll's ...
Registered in 0.000829 seconds.
Begin MonoManager ReloadAssembly
Native extension for WindowsStandalone target not found
Native extension for WebGL target not found
Refreshing native plugins compatible for Editor in 0.49 ms, found 1 plugins.
Preloading 0 native plugins for Editor in 0.00 ms.
Invoked RoslynAnalysisRunner static constructor.
RoslynAnalysisRunner will not be running.
RoslynAnalysisRunner has terminated.
Mono: successfully reloaded assembly
- Completed reload, in  1.019 seconds
Platform modules already initialized, skipping
Refreshing native plugins compatible for Editor in 0.48 ms, found 1 plugins.
Preloading 0 native plugins for Editor in 0.00 ms.
Unloading 1819 Unused Serialized files (Serialized files now loaded: 0)
System memory in use before: 90.5 MB.
System memory in use after: 89.8 MB.

Unloading 25 unused Assets to reduce memory usage. Loaded Objects now: 2446.
Total: 2.355100 ms (FindLiveObjects: 0.200200 ms CreateObjectMapping: 0.043000 ms MarkObjects: 1.697900 ms  DeleteObjects: 0.413000 ms)

========================================================================
Received Prepare
Registering precompiled user dll's ...
Registered in 0.000816 seconds.
Begin MonoManager ReloadAssembly
Native extension for WindowsStandalone target not found
Native extension for WebGL target not found
Refreshing native plugins compatible for Editor in 0.83 ms, found 1 plugins.
Preloading 0 native plugins for Editor in 0.00 ms.
Invoked RoslynAnalysisRunner static constructor.
RoslynAnalysisRunner will not be running.
RoslynAnalysisRunner has terminated.
Mono: successfully reloaded assembly
- Completed reload, in  0.960 seconds
Platform modules already initialized, skipping
Refreshing native plugins compatible for Editor in 0.36 ms, found 1 plugins.
Preloading 0 native plugins for Editor in 0.00 ms.
Unloading 1819 Unused Serialized files (Serialized files now loaded: 0)
System memory in use before: 90.5 MB.
System memory in use after: 89.8 MB.

Unloading 25 unused Assets to reduce memory usage. Loaded Objects now: 2450.
Total: 2.416600 ms (FindLiveObjects: 0.293800 ms CreateObjectMapping: 0.045300 ms MarkObjects: 1.664200 ms  DeleteObjects: 0.412600 ms)

========================================================================
Received Prepare
Registering precompiled user dll's ...
Registered in 0.000980 seconds.
Begin MonoManager ReloadAssembly
Native extension for WindowsStandalone target not found
Native extension for WebGL target not found
Refreshing native plugins compatible for Editor in 0.34 ms, found 1 plugins.
Preloading 0 native plugins for Editor in 0.00 ms.
Invoked RoslynAnalysisRunner static constructor.
RoslynAnalysisRunner will not be running.
RoslynAnalysisRunner has terminated.
Mono: successfully reloaded assembly
- Completed reload, in  0.982 seconds
Platform modules already initialized, skipping
Refreshing native plugins compatible for Editor in 0.35 ms, found 1 plugins.
Preloading 0 native plugins for Editor in 0.00 ms.
Unloading 1819 Unused Serialized files (Serialized files now loaded: 0)
System memory in use before: 90.5 MB.
System memory in use after: 89.8 MB.

Unloading 25 unused Assets to reduce memory usage. Loaded Objects now: 2454.
Total: 2.735100 ms (FindLiveObjects: 0.285100 ms CreateObjectMapping: 0.065200 ms MarkObjects: 1.901000 ms  DeleteObjects: 0.483000 ms)

========================================================================
Received Import Request.
  Time since last request: 8524.929360 seconds.
  path: Assets/Prefabs/Ball.prefab
  artifactKey: Guid(26ed708308a92184a9bfae7a0b76b296) Importer(815301076,1909f56bfc062723c751e8b465ee728b)
Start importing Assets/Prefabs/Ball.prefab using Guid(26ed708308a92184a9bfae7a0b76b296) Importer(815301076,1909f56bfc062723c751e8b465ee728b)  -> (artifact id: '124879d64a07c0963e4b67d3217db099') in 0.078798 seconds
  Import took 0.082320 seconds .

========================================================================
Received Import Request.
  Time since last request: 1.092750 seconds.
  path: Assets/Prefabs/Ball.prefab
  artifactKey: Guid(26ed708308a92184a9bfae7a0b76b296) Importer(815301076,1909f56bfc062723c751e8b465ee728b)
Start importing Assets/Prefabs/Ball.prefab using Guid(26ed708308a92184a9bfae7a0b76b296) Importer(815301076,1909f56bfc062723c751e8b465ee728b)  -> (artifact id: '2081c860d91d99a7e6eefddf906dca9a') in 0.015621 seconds
  Import took 0.018810 seconds .

========================================================================
Received Import Request.
  Time since last request: 1.174781 seconds.
  path: Assets/Prefabs/Ball.prefab
  artifactKey: Guid(26ed708308a92184a9bfae7a0b76b296) Importer(815301076,1909f56bfc062723c751e8b465ee728b)
Start importing Assets/Prefabs/Ball.prefab using Guid(26ed708308a92184a9bfae7a0b76b296) Importer(815301076,1909f56bfc062723c751e8b465ee728b)  -> (artifact id: 'bfe630dd07e7264de6fb91bd5ef6e4c5') in 0.019748 seconds
  Import took 0.035704 seconds .

========================================================================
Received Prepare
Registering precompiled user dll's ...
Registered in 0.001113 seconds.
Begin MonoManager ReloadAssembly
Native extension for WindowsStandalone target not found
Native extension for WebGL target not found
Refreshing native plugins compatible for Editor in 0.38 ms, found 1 plugins.
Preloading 0 native plugins for Editor in 0.00 ms.
Invoked RoslynAnalysisRunner static constructor.
RoslynAnalysisRunner will not be running.
RoslynAnalysisRunner has terminated.
Mono: successfully reloaded assembly
- Completed reload, in  1.005 seconds
Platform modules already initialized, skipping
Refreshing native plugins compatible for Editor in 0.43 ms, found 1 plugins.
Preloading 0 native plugins for Editor in 0.00 ms.
Unloading 1819 Unused Serialized files (Serialized files now loaded: 0)
System memory in use before: 90.5 MB.
System memory in use after: 89.8 MB.

Unloading 25 unused Assets to reduce memory usage. Loaded Objects now: 2459.
Total: 3.360200 ms (FindLiveObjects: 0.298500 ms CreateObjectMapping: 0.067200 ms MarkObjects: 2.449100 ms  DeleteObjects: 0.544000 ms)

========================================================================
Received Import Request.
  Time since last request: 180.328425 seconds.
  path: ProjectSettings/TagManager.asset
  artifactKey: Guid(00000000000000003000000000000000) Importer(815301076,1909f56bfc062723c751e8b465ee728b)
Start importing ProjectSettings/TagManager.asset using Guid(00000000000000003000000000000000) Importer(815301076,1909f56bfc062723c751e8b465ee728b)  -> (artifact id: '85f33ae93afe9e31e59a8b3acb60a1e5') in 0.034746 seconds
  Import took 0.038074 seconds .

========================================================================
Received Import Request.
  Time since last request: 10.906242 seconds.
  path: ProjectSettings/TagManager.asset
  artifactKey: Guid(00000000000000003000000000000000) Importer(815301076,1909f56bfc062723c751e8b465ee728b)
Start importing ProjectSettings/TagManager.asset using Guid(00000000000000003000000000000000) Importer(815301076,1909f56bfc062723c751e8b465ee728b)  -> (artifact id: '725bef52ede058a6bf27bd209547879a') in 0.004016 seconds
  Import took 0.014747 seconds .

========================================================================
Received Prepare
Registering precompiled user dll's ...
Registered in 0.001013 seconds.
Begin MonoManager ReloadAssembly
Native extension for WindowsStandalone target not found
Native extension for WebGL target not found
Refreshing native plugins compatible for Editor in 0.35 ms, found 1 plugins.
Preloading 0 native plugins for Editor in 0.00 ms.
Invoked RoslynAnalysisRunner static constructor.
RoslynAnalysisRunner will not be running.
RoslynAnalysisRunner has terminated.
Mono: successfully reloaded assembly
- Completed reload, in  1.000 seconds
Platform modules already initialized, skipping
Refreshing native plugins compatible for Editor in 0.40 ms, found 1 plugins.
Preloading 0 native plugins for Editor in 0.00 ms.
Unloading 1819 Unused Serialized files (Serialized files now loaded: 0)
System memory in use before: 90.5 MB.
System memory in use after: 89.8 MB.

Unloading 27 unused Assets to reduce memory usage. Loaded Objects now: 2463.
Total: 2.507800 ms (FindLiveObjects: 0.260900 ms CreateObjectMapping: 0.047200 ms MarkObjects: 1.783100 ms  DeleteObjects: 0.415800 ms)

========================================================================
Received Prepare
Registering precompiled user dll's ...
Registered in 0.001087 seconds.
Begin MonoManager ReloadAssembly
Native extension for WindowsStandalone target not found
Native extension for WebGL target not found
Refreshing native plugins compatible for Editor in 0.34 ms, found 1 plugins.
Preloading 0 native plugins for Editor in 0.00 ms.
Invoked RoslynAnalysisRunner static constructor.
RoslynAnalysisRunner will not be running.
RoslynAnalysisRunner has terminated.
Mono: successfully reloaded assembly
- Completed reload, in  0.936 seconds
Platform modules already initialized, skipping
Refreshing native plugins compatible for Editor in 0.34 ms, found 1 plugins.
Preloading 0 native plugins for Editor in 0.00 ms.
Unloading 1819 Unused Serialized files (Serialized files now loaded: 0)
System memory in use before: 90.5 MB.
System memory in use after: 89.8 MB.

Unloading 25 unused Assets to reduce memory usage. Loaded Objects now: 2467.
Total: 2.279100 ms (FindLiveObjects: 0.205400 ms CreateObjectMapping: 0.044100 ms MarkObjects: 1.600000 ms  DeleteObjects: 0.428600 ms)

========================================================================
Received Prepare
Registering precompiled user dll's ...
Registered in 0.001012 seconds.
Begin MonoManager ReloadAssembly
Native extension for WindowsStandalone target not found
Native extension for WebGL target not found
Refreshing native plugins compatible for Editor in 0.34 ms, found 1 plugins.
Preloading 0 native plugins for Editor in 0.00 ms.
Invoked RoslynAnalysisRunner static constructor.
RoslynAnalysisRunner will not be running.
RoslynAnalysisRunner has terminated.
Mono: successfully reloaded assembly
- Completed reload, in  0.917 seconds
Platform modules already initialized, skipping
Refreshing native plugins compatible for Editor in 0.33 ms, found 1 plugins.
Preloading 0 native plugins for Editor in 0.00 ms.
Unloading 1819 Unused Serialized files (Serialized files now loaded: 0)
System memory in use before: 90.5 MB.
System memory in use after: 89.8 MB.

Unloading 25 unused Assets to reduce memory usage. Loaded Objects now: 2471.
Total: 2.303600 ms (FindLiveObjects: 0.202700 ms CreateObjectMapping: 0.045500 ms MarkObjects: 1.639800 ms  DeleteObjects: 0.414700 ms)

========================================================================
Received Prepare
Registering precompiled user dll's ...
Registered in 0.001013 seconds.
Begin MonoManager ReloadAssembly
Native extension for WindowsStandalone target not found
Native extension for WebGL target not found
Refreshing native plugins compatible for Editor in 0.35 ms, found 1 plugins.
Preloading 0 native plugins for Editor in 0.00 ms.
Invoked RoslynAnalysisRunner static constructor.
RoslynAnalysisRunner will not be running.
RoslynAnalysisRunner has terminated.
Mono: successfully reloaded assembly
- Completed reload, in  0.922 seconds
Platform modules already initialized, skipping
Refreshing native plugins compatible for Editor in 0.33 ms, found 1 plugins.
Preloading 0 native plugins for Editor in 0.00 ms.
Unloading 1819 Unused Serialized files (Serialized files now loaded: 0)
System memory in use before: 90.5 MB.
System memory in use after: 89.9 MB.

Unloading 25 unused Assets to reduce memory usage. Loaded Objects now: 2475.
Total: 2.511500 ms (FindLiveObjects: 0.224000 ms CreateObjectMapping: 0.046600 ms MarkObjects: 1.813100 ms  DeleteObjects: 0.426900 ms)

========================================================================
Received Prepare
Registering precompiled user dll's ...
Registered in 0.001133 seconds.
Begin MonoManager ReloadAssembly
Native extension for WindowsStandalone target not found
Native extension for WebGL target not found
Refreshing native plugins compatible for Editor in 0.48 ms, found 1 plugins.
Preloading 0 native plugins for Editor in 0.00 ms.
Invoked RoslynAnalysisRunner static constructor.
RoslynAnalysisRunner will not be running.
RoslynAnalysisRunner has terminated.
Mono: successfully reloaded assembly
- Completed reload, in  0.967 seconds
Platform modules already initialized, skipping
Refreshing native plugins compatible for Editor in 0.36 ms, found 1 plugins.
Preloading 0 native plugins for Editor in 0.00 ms.
Unloading 1819 Unused Serialized files (Serialized files now loaded: 0)
System memory in use before: 90.5 MB.
System memory in use after: 89.9 MB.

Unloading 25 unused Assets to reduce memory usage. Loaded Objects now: 2479.
Total: 2.778700 ms (FindLiveObjects: 0.221000 ms CreateObjectMapping: 0.046900 ms MarkObjects: 2.032500 ms  DeleteObjects: 0.476600 ms)

========================================================================
Received Prepare
Registering precompiled user dll's ...
Registered in 0.000826 seconds.
Begin MonoManager ReloadAssembly
Native extension for WindowsStandalone target not found
Native extension for WebGL target not found
Refreshing native plugins compatible for Editor in 0.35 ms, found 1 plugins.
Preloading 0 native plugins for Editor in 0.00 ms.
Invoked RoslynAnalysisRunner static constructor.
RoslynAnalysisRunner will not be running.
RoslynAnalysisRunner has terminated.
Mono: successfully reloaded assembly
- Completed reload, in  0.984 seconds
Platform modules already initialized, skipping
Refreshing native plugins compatible for Editor in 0.40 ms, found 1 plugins.
Preloading 0 native plugins for Editor in 0.00 ms.
Unloading 1819 Unused Serialized files (Serialized files now loaded: 0)
System memory in use before: 90.5 MB.
System memory in use after: 89.9 MB.

Unloading 25 unused Assets to reduce memory usage. Loaded Objects now: 2483.
Total: 2.338600 ms (FindLiveObjects: 0.220000 ms CreateObjectMapping: 0.045300 ms MarkObjects: 1.649100 ms  DeleteObjects: 0.423400 ms)

AssetImportWorkerClient::OnTransportError - code=2 error=End of file
