Using pre-set license
Built from '2020.3/staging' branch; Version is '2020.3.3f1 (76626098c1c4) revision 7758432'; Using compiler version '192528614'; Build Type 'Release'
OS: 'Windows 10 Pro; OS build 19043.1165; Version 2009; 64bit' Language: 'it' Physical Memory: 16333 MB
BatchMode: 1, IsHumanControllingUs: 0, StartBugReporterOnCrash: 0, Is64bit: 1, IsPro: 0

 COMMAND LINE ARGUMENTS:
C:\Program Files\Unity\Hub\Editor\2020.3.3f1\Editor\Unity.exe
-adb2
-batchMode
-noUpm
-name
AssetImportWorker0
-projectPath
E:/UnityDevelopment/RandomGames/DoodleJump_Learn
-logFile
Logs/AssetImportWorker0.log
-srvPort
49710
Successfully changed project path to: E:/UnityDevelopment/RandomGames/DoodleJump_Learn
E:/UnityDevelopment/RandomGames/DoodleJump_Learn
Using Asset Import Pipeline V2.
Refreshing native plugins compatible for Editor in 43.76 ms, found 1 plugins.
Preloading 0 native plugins for Editor in 0.00 ms.
Initialize engine version: 2020.3.3f1 (76626098c1c4)
[Subsystems] Discovering subsystems at path C:/Program Files/Unity/Hub/Editor/2020.3.3f1/Editor/Data/Resources/UnitySubsystems
[Subsystems] Discovering subsystems at path E:/UnityDevelopment/RandomGames/DoodleJump_Learn/Assets
GfxDevice: creating device client; threaded=0
Direct3D:
    Version:  Direct3D 11.0 [level 11.1]
    Renderer: NVIDIA GeForce GTX 1660 SUPER (ID=0x21c4)
    Vendor:   
    VRAM:     5991 MB
    Driver:   30.0.14.7168
Initialize mono
Mono path[0] = 'C:/Program Files/Unity/Hub/Editor/2020.3.3f1/Editor/Data/Managed'
Mono path[1] = 'C:/Program Files/Unity/Hub/Editor/2020.3.3f1/Editor/Data/MonoBleedingEdge/lib/mono/unityjit'
Mono config path = 'C:/Program Files/Unity/Hub/Editor/2020.3.3f1/Editor/Data/MonoBleedingEdge/etc'
Using monoOptions --debugger-agent=transport=dt_socket,embedding=1,server=y,suspend=n,address=127.0.0.1:56436
Begin MonoManager ReloadAssembly
Registering precompiled unity dll's ...
Register platform support module: C:/Program Files/Unity/Hub/Editor/2020.3.3f1/Editor/Data/PlaybackEngines/WebGLSupport/UnityEditor.WebGL.Extensions.dll
Register platform support module: C:/Program Files/Unity/Hub/Editor/2020.3.3f1/Editor/Data/PlaybackEngines/WindowsStandaloneSupport/UnityEditor.WindowsStandalone.Extensions.dll
Registered in 0.003064 seconds.
Native extension for WindowsStandalone target not found
Native extension for WebGL target not found
Refreshing native plugins compatible for Editor in 48.63 ms, found 1 plugins.
Preloading 0 native plugins for Editor in 0.00 ms.
Invoked RoslynAnalysisRunner static constructor.
RoslynAnalysisRunner will not be running.
RoslynAnalysisRunner has terminated.
Mono: successfully reloaded assembly
- Completed reload, in  2.963 seconds
Platform modules already initialized, skipping
Registering precompiled user dll's ...
Registered in 0.000978 seconds.
Begin MonoManager ReloadAssembly
Native extension for WindowsStandalone target not found
Native extension for WebGL target not found
Refreshing native plugins compatible for Editor in 46.38 ms, found 1 plugins.
Preloading 0 native plugins for Editor in 0.00 ms.
Invoked RoslynAnalysisRunner static constructor.
RoslynAnalysisRunner will not be running.
RoslynAnalysisRunner has terminated.
Mono: successfully reloaded assembly
- Completed reload, in  1.098 seconds
Platform modules already initialized, skipping
========================================================================
Worker process is ready to serve import requests
Launched and connected shader compiler UnityShaderCompiler.exe after 0.05 seconds
Refreshing native plugins compatible for Editor in 0.46 ms, found 1 plugins.
Preloading 0 native plugins for Editor in 0.00 ms.
Unloading 1836 Unused Serialized files (Serialized files now loaded: 0)
System memory in use before: 87.7 MB.
System memory in use after: 87.6 MB.

Unloading 24 unused Assets to reduce memory usage. Loaded Objects now: 2280.
Total: 2.347100 ms (FindLiveObjects: 0.271700 ms CreateObjectMapping: 0.113200 ms MarkObjects: 1.821400 ms  DeleteObjects: 0.139500 ms)

========================================================================
Received Import Request.
  path: Assets/_Scripts/PlayerController.cs
  artifactKey: Guid(82a1e84d3172f1a48937705d91cc570e) Importer(815301076,1909f56bfc062723c751e8b465ee728b)
Start importing Assets/_Scripts/PlayerController.cs using Guid(82a1e84d3172f1a48937705d91cc570e) Importer(815301076,1909f56bfc062723c751e8b465ee728b)  -> (artifact id: 'afeba70237aa38cc3b49a20fe511c5a8') in 0.049025 seconds
  Import took 0.051987 seconds .

========================================================================
Received Import Request.
  Time since last request: 80.253668 seconds.
  path: Assets/_Scripts/PlayerController.cs
  artifactKey: Guid(82a1e84d3172f1a48937705d91cc570e) Importer(815301076,1909f56bfc062723c751e8b465ee728b)
Start importing Assets/_Scripts/PlayerController.cs using Guid(82a1e84d3172f1a48937705d91cc570e) Importer(815301076,1909f56bfc062723c751e8b465ee728b)  -> (artifact id: '7034a00300e9a5e68b02fb97b9ec2820') in 0.002070 seconds
  Import took 0.005252 seconds .

========================================================================
Received Import Request.
  Time since last request: 4.678148 seconds.
  path: Assets/_Scripts/PlayerController.cs
  artifactKey: Guid(82a1e84d3172f1a48937705d91cc570e) Importer(815301076,1909f56bfc062723c751e8b465ee728b)
Start importing Assets/_Scripts/PlayerController.cs using Guid(82a1e84d3172f1a48937705d91cc570e) Importer(815301076,1909f56bfc062723c751e8b465ee728b)  -> (artifact id: '31d3c5f74d8b4b2f0f5608f3cb7e5260') in 0.002524 seconds
  Import took 0.005909 seconds .

========================================================================
Received Prepare
Registering precompiled user dll's ...
Registered in 0.001272 seconds.
Begin MonoManager ReloadAssembly
Native extension for WindowsStandalone target not found
Native extension for WebGL target not found
Refreshing native plugins compatible for Editor in 0.38 ms, found 1 plugins.
Preloading 0 native plugins for Editor in 0.00 ms.
Invoked RoslynAnalysisRunner static constructor.
RoslynAnalysisRunner will not be running.
RoslynAnalysisRunner has terminated.
Mono: successfully reloaded assembly
- Completed reload, in  0.985 seconds
Platform modules already initialized, skipping
Refreshing native plugins compatible for Editor in 0.37 ms, found 1 plugins.
Preloading 0 native plugins for Editor in 0.00 ms.
Unloading 1818 Unused Serialized files (Serialized files now loaded: 0)
System memory in use before: 86.4 MB.
System memory in use after: 86.3 MB.

Unloading 12 unused Assets to reduce memory usage. Loaded Objects now: 2284.
Total: 2.148500 ms (FindLiveObjects: 0.263900 ms CreateObjectMapping: 0.058700 ms MarkObjects: 1.710900 ms  DeleteObjects: 0.113700 ms)

========================================================================
Received Import Request.
  Time since last request: 30.939581 seconds.
  path: Assets/Prefabs/Monster_7.prefab
  artifactKey: Guid(e1a373d4eb815d84289935be73a460ef) Importer(815301076,1909f56bfc062723c751e8b465ee728b)
Start importing Assets/Prefabs/Monster_7.prefab using Guid(e1a373d4eb815d84289935be73a460ef) Importer(815301076,1909f56bfc062723c751e8b465ee728b)  -> (artifact id: 'baee493ceedc327a4f5f30091a51a76c') in 0.093432 seconds
  Import took 0.096616 seconds .

========================================================================
Received Import Request.
  Time since last request: 31.881968 seconds.
  path: Assets/Prefabs/Monster_7.prefab
  artifactKey: Guid(e1a373d4eb815d84289935be73a460ef) Importer(815301076,1909f56bfc062723c751e8b465ee728b)
Start importing Assets/Prefabs/Monster_7.prefab using Guid(e1a373d4eb815d84289935be73a460ef) Importer(815301076,1909f56bfc062723c751e8b465ee728b)  -> (artifact id: 'ddd176812154d6065d273cf16ff4e9da') in 0.016189 seconds
  Import took 0.019578 seconds .

========================================================================
Received Import Request.
  Time since last request: 0.000847 seconds.
  path: Assets/Prefabs/Monster_7.prefab
  artifactKey: Guid(e1a373d4eb815d84289935be73a460ef) Importer(815301076,1909f56bfc062723c751e8b465ee728b)
Start importing Assets/Prefabs/Monster_7.prefab using Guid(e1a373d4eb815d84289935be73a460ef) Importer(815301076,1909f56bfc062723c751e8b465ee728b)  -> (artifact id: 'ddd176812154d6065d273cf16ff4e9da') in 0.011726 seconds
  Import took 0.015356 seconds .

========================================================================
Received Prepare
Registering precompiled user dll's ...
Registered in 0.001139 seconds.
Begin MonoManager ReloadAssembly
Native extension for WindowsStandalone target not found
Native extension for WebGL target not found
Refreshing native plugins compatible for Editor in 0.53 ms, found 1 plugins.
Preloading 0 native plugins for Editor in 0.00 ms.
Invoked RoslynAnalysisRunner static constructor.
RoslynAnalysisRunner will not be running.
RoslynAnalysisRunner has terminated.
Mono: successfully reloaded assembly
- Completed reload, in  0.987 seconds
Platform modules already initialized, skipping
Refreshing native plugins compatible for Editor in 0.44 ms, found 1 plugins.
Preloading 0 native plugins for Editor in 0.00 ms.
Unloading 1818 Unused Serialized files (Serialized files now loaded: 0)
System memory in use before: 89.5 MB.
System memory in use after: 89.5 MB.

Unloading 12 unused Assets to reduce memory usage. Loaded Objects now: 2295.
Total: 3.188900 ms (FindLiveObjects: 1.249100 ms CreateObjectMapping: 0.099000 ms MarkObjects: 1.727100 ms  DeleteObjects: 0.112400 ms)

========================================================================
Received Prepare
Registering precompiled user dll's ...
Registered in 0.000879 seconds.
Begin MonoManager ReloadAssembly
Native extension for WindowsStandalone target not found
Native extension for WebGL target not found
Refreshing native plugins compatible for Editor in 0.37 ms, found 1 plugins.
Preloading 0 native plugins for Editor in 0.00 ms.
Invoked RoslynAnalysisRunner static constructor.
RoslynAnalysisRunner will not be running.
RoslynAnalysisRunner has terminated.
Mono: successfully reloaded assembly
- Completed reload, in  0.924 seconds
Platform modules already initialized, skipping
Refreshing native plugins compatible for Editor in 0.37 ms, found 1 plugins.
Preloading 0 native plugins for Editor in 0.00 ms.
Unloading 1818 Unused Serialized files (Serialized files now loaded: 0)
System memory in use before: 89.5 MB.
System memory in use after: 89.5 MB.

Unloading 12 unused Assets to reduce memory usage. Loaded Objects now: 2299.
Total: 2.254600 ms (FindLiveObjects: 0.278100 ms CreateObjectMapping: 0.071700 ms MarkObjects: 1.787200 ms  DeleteObjects: 0.116200 ms)

========================================================================
Received Import Request.
  Time since last request: 2208.743643 seconds.
  path: Assets/Animation/HoleEffect_Left.anim
  artifactKey: Guid(7bd6a3ca63817f042955b713d6814c14) Importer(815301076,1909f56bfc062723c751e8b465ee728b)
Start importing Assets/Animation/HoleEffect_Left.anim using Guid(7bd6a3ca63817f042955b713d6814c14) Importer(815301076,1909f56bfc062723c751e8b465ee728b)  -> (artifact id: '5daa48093148a7f6b9d1ff2e67ec7fd7') in 0.022680 seconds
  Import took 0.026291 seconds .

========================================================================
Received Import Request.
  Time since last request: 0.003196 seconds.
  path: Assets/Animation/HoleEffect_Left.anim
  artifactKey: Guid(7bd6a3ca63817f042955b713d6814c14) Importer(815301076,1909f56bfc062723c751e8b465ee728b)
Start importing Assets/Animation/HoleEffect_Left.anim using Guid(7bd6a3ca63817f042955b713d6814c14) Importer(815301076,1909f56bfc062723c751e8b465ee728b)  -> (artifact id: '5daa48093148a7f6b9d1ff2e67ec7fd7') in 0.004085 seconds
  Import took 0.007306 seconds .

========================================================================
Received Import Request.
  Time since last request: 2.304854 seconds.
  path: Assets/Animation/HoleEffect_Right.anim
  artifactKey: Guid(cf364eeae97a08641a7b0cecd1927a78) Importer(815301076,1909f56bfc062723c751e8b465ee728b)
Start importing Assets/Animation/HoleEffect_Right.anim using Guid(cf364eeae97a08641a7b0cecd1927a78) Importer(815301076,1909f56bfc062723c751e8b465ee728b)  -> (artifact id: 'a8bdec3e3a8cf313bcae1c2b1f6734da') in 0.009053 seconds
  Import took 0.011996 seconds .

========================================================================
Received Import Request.
  Time since last request: 0.000374 seconds.
  path: Assets/Animation/HoleEffect_Right.anim
  artifactKey: Guid(cf364eeae97a08641a7b0cecd1927a78) Importer(815301076,1909f56bfc062723c751e8b465ee728b)
Start importing Assets/Animation/HoleEffect_Right.anim using Guid(cf364eeae97a08641a7b0cecd1927a78) Importer(815301076,1909f56bfc062723c751e8b465ee728b)  -> (artifact id: 'a8bdec3e3a8cf313bcae1c2b1f6734da') in 0.003791 seconds
  Import took 0.006687 seconds .

========================================================================
Received Import Request.
  Time since last request: 1.968840 seconds.
  path: Assets/Animation/HoleEffect_Right.anim
  artifactKey: Guid(cf364eeae97a08641a7b0cecd1927a78) Importer(815301076,1909f56bfc062723c751e8b465ee728b)
Start importing Assets/Animation/HoleEffect_Right.anim using Guid(cf364eeae97a08641a7b0cecd1927a78) Importer(815301076,1909f56bfc062723c751e8b465ee728b)  -> (artifact id: 'a4d10282459b2433a9bd9ee270991b2a') in 0.003788 seconds
  Import took 0.006686 seconds .

========================================================================
Received Prepare
Registering precompiled user dll's ...
Registered in 0.000964 seconds.
Begin MonoManager ReloadAssembly
Native extension for WindowsStandalone target not found
Native extension for WebGL target not found
Refreshing native plugins compatible for Editor in 0.37 ms, found 1 plugins.
Preloading 0 native plugins for Editor in 0.00 ms.
Invoked RoslynAnalysisRunner static constructor.
RoslynAnalysisRunner will not be running.
RoslynAnalysisRunner has terminated.
Mono: successfully reloaded assembly
- Completed reload, in  0.893 seconds
Platform modules already initialized, skipping
Refreshing native plugins compatible for Editor in 0.37 ms, found 1 plugins.
Preloading 0 native plugins for Editor in 0.00 ms.
Unloading 1818 Unused Serialized files (Serialized files now loaded: 0)
System memory in use before: 89.5 MB.
System memory in use after: 89.5 MB.

Unloading 12 unused Assets to reduce memory usage. Loaded Objects now: 2303.
Total: 2.036400 ms (FindLiveObjects: 0.247900 ms CreateObjectMapping: 0.045500 ms MarkObjects: 1.632600 ms  DeleteObjects: 0.108900 ms)

========================================================================
Received Prepare
Registering precompiled user dll's ...
Registered in 0.000846 seconds.
Begin MonoManager ReloadAssembly
Native extension for WindowsStandalone target not found
Native extension for WebGL target not found
Refreshing native plugins compatible for Editor in 0.38 ms, found 1 plugins.
Preloading 0 native plugins for Editor in 0.00 ms.
Invoked RoslynAnalysisRunner static constructor.
RoslynAnalysisRunner will not be running.
RoslynAnalysisRunner has terminated.
Mono: successfully reloaded assembly
- Completed reload, in  0.931 seconds
Platform modules already initialized, skipping
Refreshing native plugins compatible for Editor in 0.39 ms, found 1 plugins.
Preloading 0 native plugins for Editor in 0.00 ms.
Unloading 1818 Unused Serialized files (Serialized files now loaded: 0)
System memory in use before: 89.5 MB.
System memory in use after: 89.5 MB.

Unloading 12 unused Assets to reduce memory usage. Loaded Objects now: 2307.
Total: 2.555200 ms (FindLiveObjects: 0.287500 ms CreateObjectMapping: 0.044700 ms MarkObjects: 2.104600 ms  DeleteObjects: 0.117200 ms)

========================================================================
Received Import Request.
  Time since last request: 79.030391 seconds.
  path: Assets/Prefabs/Monster_1.prefab
  artifactKey: Guid(b01c2a5677963d34cad9b0e516f86ef1) Importer(815301076,1909f56bfc062723c751e8b465ee728b)
Start importing Assets/Prefabs/Monster_1.prefab using Guid(b01c2a5677963d34cad9b0e516f86ef1) Importer(815301076,1909f56bfc062723c751e8b465ee728b)  -> (artifact id: '3ef7ac7e266c33087a28ea119a0529ac') in 0.072449 seconds
  Import took 0.075829 seconds .

========================================================================
Received Prepare
Registering precompiled user dll's ...
Registered in 0.000918 seconds.
Begin MonoManager ReloadAssembly
Native extension for WindowsStandalone target not found
Native extension for WebGL target not found
Refreshing native plugins compatible for Editor in 0.37 ms, found 1 plugins.
Preloading 0 native plugins for Editor in 0.00 ms.
Invoked RoslynAnalysisRunner static constructor.
RoslynAnalysisRunner will not be running.
RoslynAnalysisRunner has terminated.
Mono: successfully reloaded assembly
- Completed reload, in  0.922 seconds
Platform modules already initialized, skipping
Refreshing native plugins compatible for Editor in 0.42 ms, found 1 plugins.
Preloading 0 native plugins for Editor in 0.00 ms.
Unloading 1818 Unused Serialized files (Serialized files now loaded: 0)
System memory in use before: 89.6 MB.
System memory in use after: 89.5 MB.

Unloading 12 unused Assets to reduce memory usage. Loaded Objects now: 2312.
Total: 1.946400 ms (FindLiveObjects: 0.181700 ms CreateObjectMapping: 0.044200 ms MarkObjects: 1.610500 ms  DeleteObjects: 0.109200 ms)

========================================================================
Received Prepare
Registering precompiled user dll's ...
Registered in 0.000886 seconds.
Begin MonoManager ReloadAssembly
Native extension for WindowsStandalone target not found
Native extension for WebGL target not found
Refreshing native plugins compatible for Editor in 0.39 ms, found 1 plugins.
Preloading 0 native plugins for Editor in 0.00 ms.
Invoked RoslynAnalysisRunner static constructor.
RoslynAnalysisRunner will not be running.
RoslynAnalysisRunner has terminated.
Mono: successfully reloaded assembly
- Completed reload, in  0.918 seconds
Platform modules already initialized, skipping
Refreshing native plugins compatible for Editor in 0.37 ms, found 1 plugins.
Preloading 0 native plugins for Editor in 0.00 ms.
Unloading 1818 Unused Serialized files (Serialized files now loaded: 0)
System memory in use before: 89.6 MB.
System memory in use after: 89.6 MB.

Unloading 12 unused Assets to reduce memory usage. Loaded Objects now: 2316.
Total: 2.053600 ms (FindLiveObjects: 0.195900 ms CreateObjectMapping: 0.045000 ms MarkObjects: 1.697500 ms  DeleteObjects: 0.114100 ms)

========================================================================
Received Prepare
Registering precompiled user dll's ...
Registered in 0.000858 seconds.
Begin MonoManager ReloadAssembly
Native extension for WindowsStandalone target not found
Native extension for WebGL target not found
Refreshing native plugins compatible for Editor in 0.37 ms, found 1 plugins.
Preloading 0 native plugins for Editor in 0.00 ms.
Invoked RoslynAnalysisRunner static constructor.
RoslynAnalysisRunner will not be running.
RoslynAnalysisRunner has terminated.
Mono: successfully reloaded assembly
- Completed reload, in  0.920 seconds
Platform modules already initialized, skipping
Refreshing native plugins compatible for Editor in 0.39 ms, found 1 plugins.
Preloading 0 native plugins for Editor in 0.00 ms.
Unloading 1818 Unused Serialized files (Serialized files now loaded: 0)
System memory in use before: 89.6 MB.
System memory in use after: 89.6 MB.

Unloading 12 unused Assets to reduce memory usage. Loaded Objects now: 2320.
Total: 1.949400 ms (FindLiveObjects: 0.178600 ms CreateObjectMapping: 0.042600 ms MarkObjects: 1.615200 ms  DeleteObjects: 0.112000 ms)

========================================================================
Received Prepare
Registering precompiled user dll's ...
Registered in 0.000946 seconds.
Begin MonoManager ReloadAssembly
Native extension for WindowsStandalone target not found
Native extension for WebGL target not found
Refreshing native plugins compatible for Editor in 0.37 ms, found 1 plugins.
Preloading 0 native plugins for Editor in 0.00 ms.
Invoked RoslynAnalysisRunner static constructor.
RoslynAnalysisRunner will not be running.
RoslynAnalysisRunner has terminated.
Mono: successfully reloaded assembly
- Completed reload, in  0.892 seconds
Platform modules already initialized, skipping
Refreshing native plugins compatible for Editor in 0.37 ms, found 1 plugins.
Preloading 0 native plugins for Editor in 0.00 ms.
Unloading 1818 Unused Serialized files (Serialized files now loaded: 0)
System memory in use before: 89.6 MB.
System memory in use after: 89.6 MB.

Unloading 12 unused Assets to reduce memory usage. Loaded Objects now: 2324.
Total: 1.998000 ms (FindLiveObjects: 0.179200 ms CreateObjectMapping: 0.045000 ms MarkObjects: 1.658400 ms  DeleteObjects: 0.114600 ms)

========================================================================
Received Prepare
Registering precompiled user dll's ...
Registered in 0.000875 seconds.
Begin MonoManager ReloadAssembly
Native extension for WindowsStandalone target not found
Native extension for WebGL target not found
Refreshing native plugins compatible for Editor in 0.37 ms, found 1 plugins.
Preloading 0 native plugins for Editor in 0.00 ms.
Invoked RoslynAnalysisRunner static constructor.
RoslynAnalysisRunner will not be running.
RoslynAnalysisRunner has terminated.
Mono: successfully reloaded assembly
- Completed reload, in  0.899 seconds
Platform modules already initialized, skipping
Refreshing native plugins compatible for Editor in 0.40 ms, found 1 plugins.
Preloading 0 native plugins for Editor in 0.00 ms.
Unloading 1818 Unused Serialized files (Serialized files now loaded: 0)
System memory in use before: 89.6 MB.
System memory in use after: 89.6 MB.

Unloading 12 unused Assets to reduce memory usage. Loaded Objects now: 2328.
Total: 1.947100 ms (FindLiveObjects: 0.167700 ms CreateObjectMapping: 0.044300 ms MarkObjects: 1.626600 ms  DeleteObjects: 0.107500 ms)

AssetImportWorkerClient::OnTransportError - code=2 error=End of file
