Using pre-set license
Built from '2020.3/staging' branch; Version is '2020.3.3f1 (76626098c1c4) revision 7758432'; Using compiler version '192528614'; Build Type 'Release'
OS: 'Windows 10 Pro; OS build 19043.1165; Version 2009; 64bit' Language: 'it' Physical Memory: 16333 MB
BatchMode: 1, IsHumanControllingUs: 0, StartBugReporterOnCrash: 0, Is64bit: 1, IsPro: 0

 COMMAND LINE ARGUMENTS:
C:\Program Files\Unity\Hub\Editor\2020.3.3f1\Editor\Unity.exe
-adb2
-batchMode
-noUpm
-name
AssetImportWorker0
-projectPath
E:/UnityDevelopment/RandomGames/SpaceRace_Learn
-logFile
Logs/AssetImportWorker0.log
-srvPort
62623
Successfully changed project path to: E:/UnityDevelopment/RandomGames/SpaceRace_Learn
E:/UnityDevelopment/RandomGames/SpaceRace_Learn
Using Asset Import Pipeline V2.
Refreshing native plugins compatible for Editor in 40.28 ms, found 1 plugins.
Preloading 0 native plugins for Editor in 0.00 ms.
Initialize engine version: 2020.3.3f1 (76626098c1c4)
[Subsystems] Discovering subsystems at path C:/Program Files/Unity/Hub/Editor/2020.3.3f1/Editor/Data/Resources/UnitySubsystems
[Subsystems] Discovering subsystems at path E:/UnityDevelopment/RandomGames/SpaceRace_Learn/Assets
GfxDevice: creating device client; threaded=0
Direct3D:
    Version:  Direct3D 11.0 [level 11.1]
    Renderer: NVIDIA GeForce GTX 1660 SUPER (ID=0x21c4)
    Vendor:   
    VRAM:     5991 MB
    Driver:   30.0.14.7168
Initialize mono
Mono path[0] = 'C:/Program Files/Unity/Hub/Editor/2020.3.3f1/Editor/Data/Managed'
Mono path[1] = 'C:/Program Files/Unity/Hub/Editor/2020.3.3f1/Editor/Data/MonoBleedingEdge/lib/mono/unityjit'
Mono config path = 'C:/Program Files/Unity/Hub/Editor/2020.3.3f1/Editor/Data/MonoBleedingEdge/etc'
Using monoOptions --debugger-agent=transport=dt_socket,embedding=1,server=y,suspend=n,address=127.0.0.1:56316
Begin MonoManager ReloadAssembly
Registering precompiled unity dll's ...
Register platform support module: C:/Program Files/Unity/Hub/Editor/2020.3.3f1/Editor/Data/PlaybackEngines/WebGLSupport/UnityEditor.WebGL.Extensions.dll
Register platform support module: C:/Program Files/Unity/Hub/Editor/2020.3.3f1/Editor/Data/PlaybackEngines/WindowsStandaloneSupport/UnityEditor.WindowsStandalone.Extensions.dll
Registered in 0.003450 seconds.
Native extension for WindowsStandalone target not found
Native extension for WebGL target not found
Refreshing native plugins compatible for Editor in 41.65 ms, found 1 plugins.
Preloading 0 native plugins for Editor in 0.00 ms.
Invoked RoslynAnalysisRunner static constructor.
RoslynAnalysisRunner will not be running.
RoslynAnalysisRunner has terminated.
Mono: successfully reloaded assembly
- Completed reload, in  3.575 seconds
Platform modules already initialized, skipping
Registering precompiled user dll's ...
Registered in 0.000845 seconds.
Begin MonoManager ReloadAssembly
Native extension for WindowsStandalone target not found
Native extension for WebGL target not found
Refreshing native plugins compatible for Editor in 43.60 ms, found 1 plugins.
Preloading 0 native plugins for Editor in 0.00 ms.
Invoked RoslynAnalysisRunner static constructor.
RoslynAnalysisRunner will not be running.
RoslynAnalysisRunner has terminated.
Mono: successfully reloaded assembly
- Completed reload, in  1.147 seconds
Platform modules already initialized, skipping
========================================================================
Worker process is ready to serve import requests
Launched and connected shader compiler UnityShaderCompiler.exe after 0.05 seconds
Refreshing native plugins compatible for Editor in 0.49 ms, found 1 plugins.
Preloading 0 native plugins for Editor in 0.00 ms.
Unloading 1826 Unused Serialized files (Serialized files now loaded: 0)
System memory in use before: 87.1 MB.
System memory in use after: 87.1 MB.

Unloading 24 unused Assets to reduce memory usage. Loaded Objects now: 2269.
Total: 2.650900 ms (FindLiveObjects: 0.281900 ms CreateObjectMapping: 0.067500 ms MarkObjects: 2.138900 ms  DeleteObjects: 0.161200 ms)

========================================================================
Received Import Request.
  path: Assets/Sprites/finishline-black-and-white-finish-line-11563050173k13ebspvdi.png
  artifactKey: Guid(565e70b2016220941b29fc82f32f64de) Importer(815301076,1909f56bfc062723c751e8b465ee728b)
Start importing Assets/Sprites/finishline-black-and-white-finish-line-11563050173k13ebspvdi.png using Guid(565e70b2016220941b29fc82f32f64de) Importer(815301076,1909f56bfc062723c751e8b465ee728b)  -> (artifact id: '46cb1316c9c84c35ced93eea218ac835') in 0.121900 seconds
  Import took 0.125762 seconds .

========================================================================
Received Import Request.
  Time since last request: 214.880343 seconds.
  path: Assets/Sprites/finishline-black-and-white-finish-line-11563050173k13ebspvdi.png
  artifactKey: Guid(565e70b2016220941b29fc82f32f64de) Importer(815301076,1909f56bfc062723c751e8b465ee728b)
Start importing Assets/Sprites/finishline-black-and-white-finish-line-11563050173k13ebspvdi.png using Guid(565e70b2016220941b29fc82f32f64de) Importer(815301076,1909f56bfc062723c751e8b465ee728b)  -> (artifact id: '5cecc3c6d1d850dcb3c7327fde45235d') in 0.026500 seconds
  Import took 0.029579 seconds .

========================================================================
Received Import Request.
  Time since last request: 5.935648 seconds.
  path: Assets/Sprites/Finishline.png
  artifactKey: Guid(565e70b2016220941b29fc82f32f64de) Importer(815301076,1909f56bfc062723c751e8b465ee728b)
Start importing Assets/Sprites/Finishline.png using Guid(565e70b2016220941b29fc82f32f64de) Importer(815301076,1909f56bfc062723c751e8b465ee728b)  -> (artifact id: '38d73680640bc49ad567d785ae2ee85f') in 0.020488 seconds
  Import took 0.023655 seconds .

========================================================================
Received Import Request.
  Time since last request: 87.211068 seconds.
  path: Assets/_Scripts/GameManager.cs
  artifactKey: Guid(1b47675370845ad47a29508cade645ae) Importer(815301076,1909f56bfc062723c751e8b465ee728b)
Start importing Assets/_Scripts/GameManager.cs using Guid(1b47675370845ad47a29508cade645ae) Importer(815301076,1909f56bfc062723c751e8b465ee728b)  -> (artifact id: '7914a17eaec5f3de597e4efa9baf0580') in 0.011804 seconds
  Import took 0.014692 seconds .

========================================================================
Received Import Request.
  Time since last request: 0.022336 seconds.
  path: Assets/_Scripts/GameManager.cs
  artifactKey: Guid(1b47675370845ad47a29508cade645ae) Importer(815301076,1909f56bfc062723c751e8b465ee728b)
Start importing Assets/_Scripts/GameManager.cs using Guid(1b47675370845ad47a29508cade645ae) Importer(815301076,1909f56bfc062723c751e8b465ee728b)  -> (artifact id: '7914a17eaec5f3de597e4efa9baf0580') in 0.003304 seconds
  Import took 0.006270 seconds .

AssetImportWorkerClient::OnTransportError - code=2 error=End of file
