Using pre-set license
Built from '2020.3/staging' branch; Version is '2020.3.3f1 (76626098c1c4) revision 7758432'; Using compiler version '192528614'; Build Type 'Release'
OS: 'Windows 10 Pro; OS build 19043.1165; Version 2009; 64bit' Language: 'it' Physical Memory: 16333 MB
BatchMode: 1, IsHumanControllingUs: 0, StartBugReporterOnCrash: 0, Is64bit: 1, IsPro: 0

 COMMAND LINE ARGUMENTS:
C:\Program Files\Unity\Hub\Editor\2020.3.3f1\Editor\Unity.exe
-adb2
-batchMode
-noUpm
-name
AssetImportWorker0
-projectPath
E:/UnityDevelopment/RandomGames/SpaceRace_Learn
-logFile
Logs/AssetImportWorker0.log
-srvPort
61846
Successfully changed project path to: E:/UnityDevelopment/RandomGames/SpaceRace_Learn
E:/UnityDevelopment/RandomGames/SpaceRace_Learn
Using Asset Import Pipeline V2.
Refreshing native plugins compatible for Editor in 38.47 ms, found 1 plugins.
Preloading 0 native plugins for Editor in 0.00 ms.
Initialize engine version: 2020.3.3f1 (76626098c1c4)
[Subsystems] Discovering subsystems at path C:/Program Files/Unity/Hub/Editor/2020.3.3f1/Editor/Data/Resources/UnitySubsystems
[Subsystems] Discovering subsystems at path E:/UnityDevelopment/RandomGames/SpaceRace_Learn/Assets
GfxDevice: creating device client; threaded=0
Direct3D:
    Version:  Direct3D 11.0 [level 11.1]
    Renderer: NVIDIA GeForce GTX 1660 SUPER (ID=0x21c4)
    Vendor:   
    VRAM:     5991 MB
    Driver:   30.0.14.7168
Initialize mono
Mono path[0] = 'C:/Program Files/Unity/Hub/Editor/2020.3.3f1/Editor/Data/Managed'
Mono path[1] = 'C:/Program Files/Unity/Hub/Editor/2020.3.3f1/Editor/Data/MonoBleedingEdge/lib/mono/unityjit'
Mono config path = 'C:/Program Files/Unity/Hub/Editor/2020.3.3f1/Editor/Data/MonoBleedingEdge/etc'
Using monoOptions --debugger-agent=transport=dt_socket,embedding=1,server=y,suspend=n,address=127.0.0.1:56716
Begin MonoManager ReloadAssembly
Registering precompiled unity dll's ...
Register platform support module: C:/Program Files/Unity/Hub/Editor/2020.3.3f1/Editor/Data/PlaybackEngines/WebGLSupport/UnityEditor.WebGL.Extensions.dll
Register platform support module: C:/Program Files/Unity/Hub/Editor/2020.3.3f1/Editor/Data/PlaybackEngines/WindowsStandaloneSupport/UnityEditor.WindowsStandalone.Extensions.dll
Registered in 0.003267 seconds.
Native extension for WindowsStandalone target not found
Native extension for WebGL target not found
Refreshing native plugins compatible for Editor in 39.64 ms, found 1 plugins.
Preloading 0 native plugins for Editor in 0.00 ms.
Invoked RoslynAnalysisRunner static constructor.
RoslynAnalysisRunner will not be running.
RoslynAnalysisRunner has terminated.
Mono: successfully reloaded assembly
- Completed reload, in  2.653 seconds
Platform modules already initialized, skipping
Registering precompiled user dll's ...
Registered in 0.000774 seconds.
Begin MonoManager ReloadAssembly
Native extension for WindowsStandalone target not found
Native extension for WebGL target not found
Refreshing native plugins compatible for Editor in 38.02 ms, found 1 plugins.
Preloading 0 native plugins for Editor in 0.00 ms.
Invoked RoslynAnalysisRunner static constructor.
RoslynAnalysisRunner will not be running.
RoslynAnalysisRunner has terminated.
Mono: successfully reloaded assembly
- Completed reload, in  1.083 seconds
Platform modules already initialized, skipping
========================================================================
Worker process is ready to serve import requests
Launched and connected shader compiler UnityShaderCompiler.exe after 0.04 seconds
Refreshing native plugins compatible for Editor in 0.34 ms, found 1 plugins.
Preloading 0 native plugins for Editor in 0.00 ms.
Unloading 1809 Unused Serialized files (Serialized files now loaded: 0)
System memory in use before: 84.9 MB.
System memory in use after: 84.8 MB.

Unloading 24 unused Assets to reduce memory usage. Loaded Objects now: 2251.
Total: 2.066900 ms (FindLiveObjects: 0.208000 ms CreateObjectMapping: 0.044900 ms MarkObjects: 1.685700 ms  DeleteObjects: 0.127300 ms)

========================================================================
Received Import Request.
  path: Assets/Prefabs/Asteroid.prefab
  artifactKey: Guid(ad312951c1c2df749b9303a711115b86) Importer(815301076,1909f56bfc062723c751e8b465ee728b)
Start importing Assets/Prefabs/Asteroid.prefab using Guid(ad312951c1c2df749b9303a711115b86) Importer(815301076,1909f56bfc062723c751e8b465ee728b)  -> (artifact id: '5adf5f652ca8148385bed7f1de241053') in 0.105783 seconds
  Import took 0.188835 seconds .

========================================================================
Received Import Request.
  Time since last request: 1104.958228 seconds.
  path: Assets/_Scripts/MoveLeft.cs
  artifactKey: Guid(9ce47ee465e13a74ba373bae4e2c886c) Importer(815301076,1909f56bfc062723c751e8b465ee728b)
Start importing Assets/_Scripts/MoveLeft.cs using Guid(9ce47ee465e13a74ba373bae4e2c886c) Importer(815301076,1909f56bfc062723c751e8b465ee728b)  -> (artifact id: 'd8be9049041c806c439d928241f646d0') in 0.018902 seconds
  Import took 0.022041 seconds .

========================================================================
Received Prepare
Registering precompiled user dll's ...
Registered in 0.000910 seconds.
Begin MonoManager ReloadAssembly
Native extension for WindowsStandalone target not found
Native extension for WebGL target not found
Refreshing native plugins compatible for Editor in 0.38 ms, found 1 plugins.
Preloading 0 native plugins for Editor in 0.00 ms.
Invoked RoslynAnalysisRunner static constructor.
RoslynAnalysisRunner will not be running.
RoslynAnalysisRunner has terminated.
Mono: successfully reloaded assembly
- Completed reload, in  1.097 seconds
Platform modules already initialized, skipping
Refreshing native plugins compatible for Editor in 0.37 ms, found 1 plugins.
Preloading 0 native plugins for Editor in 0.00 ms.
Unloading 1805 Unused Serialized files (Serialized files now loaded: 0)
System memory in use before: 87.9 MB.
System memory in use after: 87.9 MB.

Unloading 12 unused Assets to reduce memory usage. Loaded Objects now: 2263.
Total: 3.262800 ms (FindLiveObjects: 0.340900 ms CreateObjectMapping: 0.072300 ms MarkObjects: 2.683300 ms  DeleteObjects: 0.164200 ms)

========================================================================
Received Import Request.
  Time since last request: 14.656953 seconds.
  path: Assets/_Scripts/MoveRight.cs
  artifactKey: Guid(bd93689306a398344ba3a7a63ea2c6fa) Importer(815301076,1909f56bfc062723c751e8b465ee728b)
Start importing Assets/_Scripts/MoveRight.cs using Guid(bd93689306a398344ba3a7a63ea2c6fa) Importer(815301076,1909f56bfc062723c751e8b465ee728b)  -> (artifact id: '56591add7fd23c621062b180d461d3c3') in 0.009256 seconds
  Import took 0.012270 seconds .

========================================================================
Received Prepare
Registering precompiled user dll's ...
Registered in 0.000835 seconds.
Begin MonoManager ReloadAssembly
Native extension for WindowsStandalone target not found
Native extension for WebGL target not found
Refreshing native plugins compatible for Editor in 0.34 ms, found 1 plugins.
Preloading 0 native plugins for Editor in 0.00 ms.
Invoked RoslynAnalysisRunner static constructor.
RoslynAnalysisRunner will not be running.
RoslynAnalysisRunner has terminated.
Mono: successfully reloaded assembly
- Completed reload, in  0.972 seconds
Platform modules already initialized, skipping
Refreshing native plugins compatible for Editor in 0.33 ms, found 1 plugins.
Preloading 0 native plugins for Editor in 0.00 ms.
Unloading 1806 Unused Serialized files (Serialized files now loaded: 0)
System memory in use before: 88.0 MB.
System memory in use after: 88.0 MB.

Unloading 12 unused Assets to reduce memory usage. Loaded Objects now: 2268.
Total: 1.904800 ms (FindLiveObjects: 0.177700 ms CreateObjectMapping: 0.043100 ms MarkObjects: 1.578800 ms  DeleteObjects: 0.104200 ms)

========================================================================
Received Import Request.
  Time since last request: 12.457172 seconds.
  path: Assets/Prefabs/AsteroidLeft.prefab
  artifactKey: Guid(ad312951c1c2df749b9303a711115b86) Importer(815301076,1909f56bfc062723c751e8b465ee728b)
Start importing Assets/Prefabs/AsteroidLeft.prefab using Guid(ad312951c1c2df749b9303a711115b86) Importer(815301076,1909f56bfc062723c751e8b465ee728b)  -> (artifact id: 'aeef74172d0a2e647b15183184205d6c') in 0.067609 seconds
  Import took 0.070608 seconds .

========================================================================
Received Import Request.
  Time since last request: 0.595931 seconds.
  path: Assets/Prefabs/AsteroidLeft 1.prefab
  artifactKey: Guid(c4c67c64706093945866d063e1089cb3) Importer(815301076,1909f56bfc062723c751e8b465ee728b)
Start importing Assets/Prefabs/AsteroidLeft 1.prefab using Guid(c4c67c64706093945866d063e1089cb3) Importer(815301076,1909f56bfc062723c751e8b465ee728b)  -> (artifact id: '3d3379a199c5374f0391c2891a841e24') in 0.016319 seconds
  Import took 0.019818 seconds .

========================================================================
Received Import Request.
  Time since last request: 6.014890 seconds.
  path: Assets/Prefabs/AsteroidRight.prefab
  artifactKey: Guid(c4c67c64706093945866d063e1089cb3) Importer(815301076,1909f56bfc062723c751e8b465ee728b)
Start importing Assets/Prefabs/AsteroidRight.prefab using Guid(c4c67c64706093945866d063e1089cb3) Importer(815301076,1909f56bfc062723c751e8b465ee728b)  -> (artifact id: '909f677e22227492a26117ad0eb35ac1') in 0.010167 seconds
  Import took 0.013164 seconds .

========================================================================
Received Prepare
Registering precompiled user dll's ...
Registered in 0.000818 seconds.
Begin MonoManager ReloadAssembly
Native extension for WindowsStandalone target not found
Native extension for WebGL target not found
Refreshing native plugins compatible for Editor in 0.33 ms, found 1 plugins.
Preloading 0 native plugins for Editor in 0.00 ms.
Invoked RoslynAnalysisRunner static constructor.
RoslynAnalysisRunner will not be running.
RoslynAnalysisRunner has terminated.
Mono: successfully reloaded assembly
- Completed reload, in  0.942 seconds
Platform modules already initialized, skipping
Refreshing native plugins compatible for Editor in 0.47 ms, found 1 plugins.
Preloading 0 native plugins for Editor in 0.00 ms.
Unloading 1806 Unused Serialized files (Serialized files now loaded: 0)
System memory in use before: 88.0 MB.
System memory in use after: 88.0 MB.

Unloading 12 unused Assets to reduce memory usage. Loaded Objects now: 2273.
Total: 2.432300 ms (FindLiveObjects: 0.250500 ms CreateObjectMapping: 0.055200 ms MarkObjects: 1.994200 ms  DeleteObjects: 0.131300 ms)

========================================================================
Received Import Request.
  Time since last request: 100.537658 seconds.
  path: Assets/_Scripts/MoveLeft.cs
  artifactKey: Guid(9ce47ee465e13a74ba373bae4e2c886c) Importer(815301076,1909f56bfc062723c751e8b465ee728b)
Start importing Assets/_Scripts/MoveLeft.cs using Guid(9ce47ee465e13a74ba373bae4e2c886c) Importer(815301076,1909f56bfc062723c751e8b465ee728b)  -> (artifact id: 'adcc29a74765168a4e59d6f60f61d847') in 0.005470 seconds
  Import took 0.009196 seconds .

========================================================================
Received Prepare
Registering precompiled user dll's ...
Registered in 0.001163 seconds.
Begin MonoManager ReloadAssembly
Native extension for WindowsStandalone target not found
Native extension for WebGL target not found
Refreshing native plugins compatible for Editor in 0.34 ms, found 1 plugins.
Preloading 0 native plugins for Editor in 0.00 ms.
Invoked RoslynAnalysisRunner static constructor.
RoslynAnalysisRunner will not be running.
RoslynAnalysisRunner has terminated.
Mono: successfully reloaded assembly
- Completed reload, in  0.928 seconds
Platform modules already initialized, skipping
Refreshing native plugins compatible for Editor in 0.33 ms, found 1 plugins.
Preloading 0 native plugins for Editor in 0.00 ms.
Unloading 1806 Unused Serialized files (Serialized files now loaded: 0)
System memory in use before: 88.1 MB.
System memory in use after: 88.0 MB.

Unloading 12 unused Assets to reduce memory usage. Loaded Objects now: 2277.
Total: 2.036000 ms (FindLiveObjects: 0.197900 ms CreateObjectMapping: 0.042600 ms MarkObjects: 1.676700 ms  DeleteObjects: 0.117600 ms)

========================================================================
Received Import Request.
  Time since last request: 21.167885 seconds.
  path: Assets/_Scripts/MoveRight.cs
  artifactKey: Guid(bd93689306a398344ba3a7a63ea2c6fa) Importer(815301076,1909f56bfc062723c751e8b465ee728b)
Start importing Assets/_Scripts/MoveRight.cs using Guid(bd93689306a398344ba3a7a63ea2c6fa) Importer(815301076,1909f56bfc062723c751e8b465ee728b)  -> (artifact id: '2133197d40bee92c771ca9fc43935537') in 0.004305 seconds
  Import took 0.007252 seconds .

========================================================================
Received Import Request.
  Time since last request: 36.585242 seconds.
  path: Assets/Prefabs/AsteroidLeft.prefab
  artifactKey: Guid(ad312951c1c2df749b9303a711115b86) Importer(815301076,1909f56bfc062723c751e8b465ee728b)
Start importing Assets/Prefabs/AsteroidLeft.prefab using Guid(ad312951c1c2df749b9303a711115b86) Importer(815301076,1909f56bfc062723c751e8b465ee728b)  -> (artifact id: 'bfebee64a2fb94d35f3c599c06776344') in 0.051682 seconds
  Import took 0.059228 seconds .

========================================================================
Received Prepare
Registering precompiled user dll's ...
Registered in 0.001177 seconds.
Begin MonoManager ReloadAssembly
Native extension for WindowsStandalone target not found
Native extension for WebGL target not found
Refreshing native plugins compatible for Editor in 0.34 ms, found 1 plugins.
Preloading 0 native plugins for Editor in 0.00 ms.
Invoked RoslynAnalysisRunner static constructor.
RoslynAnalysisRunner will not be running.
RoslynAnalysisRunner has terminated.
Mono: successfully reloaded assembly
- Completed reload, in  0.956 seconds
Platform modules already initialized, skipping
Refreshing native plugins compatible for Editor in 0.33 ms, found 1 plugins.
Preloading 0 native plugins for Editor in 0.00 ms.
Unloading 1806 Unused Serialized files (Serialized files now loaded: 0)
System memory in use before: 88.1 MB.
System memory in use after: 88.1 MB.

Unloading 12 unused Assets to reduce memory usage. Loaded Objects now: 2282.
Total: 2.045000 ms (FindLiveObjects: 0.182300 ms CreateObjectMapping: 0.042200 ms MarkObjects: 1.696700 ms  DeleteObjects: 0.123000 ms)

========================================================================
Received Import Request.
  Time since last request: 5.402800 seconds.
  path: Assets/Prefabs/AsteroidRight.prefab
  artifactKey: Guid(c4c67c64706093945866d063e1089cb3) Importer(815301076,1909f56bfc062723c751e8b465ee728b)
Start importing Assets/Prefabs/AsteroidRight.prefab using Guid(c4c67c64706093945866d063e1089cb3) Importer(815301076,1909f56bfc062723c751e8b465ee728b)  -> (artifact id: 'a4f111bb9e2ab1f06f90caefcde7f000') in 0.051647 seconds
  Import took 0.054708 seconds .

========================================================================
Received Import Request.
  Time since last request: 0.349437 seconds.
  path: Assets/Prefabs/AsteroidRight.prefab
  artifactKey: Guid(c4c67c64706093945866d063e1089cb3) Importer(815301076,1909f56bfc062723c751e8b465ee728b)
Start importing Assets/Prefabs/AsteroidRight.prefab using Guid(c4c67c64706093945866d063e1089cb3) Importer(815301076,1909f56bfc062723c751e8b465ee728b)  -> (artifact id: 'c4e6815c0ca3d0577a583b75e96e1e1e') in 0.006471 seconds
  Import took 0.009501 seconds .

========================================================================
Received Import Request.
  Time since last request: 1127.613552 seconds.
  path: ProjectSettings/TagManager.asset
  artifactKey: Guid(00000000000000003000000000000000) Importer(815301076,1909f56bfc062723c751e8b465ee728b)
Start importing ProjectSettings/TagManager.asset using Guid(00000000000000003000000000000000) Importer(815301076,1909f56bfc062723c751e8b465ee728b)  -> (artifact id: '37bfc44d89cc5db38fc079d31dceb4c4') in 0.008954 seconds
  Import took 0.012468 seconds .

========================================================================
Received Import Request.
  Time since last request: 0.002719 seconds.
  path: ProjectSettings/TagManager.asset
  artifactKey: Guid(00000000000000003000000000000000) Importer(815301076,1909f56bfc062723c751e8b465ee728b)
Start importing ProjectSettings/TagManager.asset using Guid(00000000000000003000000000000000) Importer(815301076,1909f56bfc062723c751e8b465ee728b)  -> (artifact id: '37bfc44d89cc5db38fc079d31dceb4c4') in 0.002425 seconds
  Import took 0.005427 seconds .

========================================================================
Received Import Request.
  Time since last request: 23.047956 seconds.
  path: Assets/Prefabs/AsteroidLeft.prefab
  artifactKey: Guid(ad312951c1c2df749b9303a711115b86) Importer(815301076,1909f56bfc062723c751e8b465ee728b)
Start importing Assets/Prefabs/AsteroidLeft.prefab using Guid(ad312951c1c2df749b9303a711115b86) Importer(815301076,1909f56bfc062723c751e8b465ee728b)  -> (artifact id: 'e0aed92d447d506942ca3610ef8c9d6c') in 0.010434 seconds
  Import took 0.014137 seconds .

========================================================================
Received Import Request.
  Time since last request: 2.212807 seconds.
  path: Assets/Prefabs/AsteroidLeft.prefab
  artifactKey: Guid(ad312951c1c2df749b9303a711115b86) Importer(815301076,1909f56bfc062723c751e8b465ee728b)
Start importing Assets/Prefabs/AsteroidLeft.prefab using Guid(ad312951c1c2df749b9303a711115b86) Importer(815301076,1909f56bfc062723c751e8b465ee728b)  -> (artifact id: '6da0535465f468cede91c66d61a4be51') in 0.007153 seconds
  Import took 0.010036 seconds .

========================================================================
Received Import Request.
  Time since last request: 3.050188 seconds.
  path: Assets/Prefabs/AsteroidRight.prefab
  artifactKey: Guid(c4c67c64706093945866d063e1089cb3) Importer(815301076,1909f56bfc062723c751e8b465ee728b)
Start importing Assets/Prefabs/AsteroidRight.prefab using Guid(c4c67c64706093945866d063e1089cb3) Importer(815301076,1909f56bfc062723c751e8b465ee728b)  -> (artifact id: '89684026a2dce5f6a5dd50cfe09cb8f5') in 0.006503 seconds
  Import took 0.023346 seconds .

========================================================================
Received Prepare
Registering precompiled user dll's ...
Registered in 0.000963 seconds.
Begin MonoManager ReloadAssembly
Native extension for WindowsStandalone target not found
Native extension for WebGL target not found
Refreshing native plugins compatible for Editor in 0.33 ms, found 1 plugins.
Preloading 0 native plugins for Editor in 0.00 ms.
Invoked RoslynAnalysisRunner static constructor.
RoslynAnalysisRunner will not be running.
RoslynAnalysisRunner has terminated.
Mono: successfully reloaded assembly
- Completed reload, in  0.913 seconds
Platform modules already initialized, skipping
Refreshing native plugins compatible for Editor in 0.33 ms, found 1 plugins.
Preloading 0 native plugins for Editor in 0.00 ms.
Unloading 1806 Unused Serialized files (Serialized files now loaded: 0)
System memory in use before: 88.1 MB.
System memory in use after: 88.1 MB.

Unloading 14 unused Assets to reduce memory usage. Loaded Objects now: 2287.
Total: 2.193500 ms (FindLiveObjects: 0.202300 ms CreateObjectMapping: 0.045500 ms MarkObjects: 1.819100 ms  DeleteObjects: 0.125300 ms)

========================================================================
Received Prepare
Registering precompiled user dll's ...
Registered in 0.000849 seconds.
Begin MonoManager ReloadAssembly
Native extension for WindowsStandalone target not found
Native extension for WebGL target not found
Refreshing native plugins compatible for Editor in 0.36 ms, found 1 plugins.
Preloading 0 native plugins for Editor in 0.00 ms.
Invoked RoslynAnalysisRunner static constructor.
RoslynAnalysisRunner will not be running.
RoslynAnalysisRunner has terminated.
Mono: successfully reloaded assembly
- Completed reload, in  0.912 seconds
Platform modules already initialized, skipping
Refreshing native plugins compatible for Editor in 0.34 ms, found 1 plugins.
Preloading 0 native plugins for Editor in 0.00 ms.
Unloading 1806 Unused Serialized files (Serialized files now loaded: 0)
System memory in use before: 88.1 MB.
System memory in use after: 88.1 MB.

Unloading 12 unused Assets to reduce memory usage. Loaded Objects now: 2291.
Total: 2.087900 ms (FindLiveObjects: 0.234300 ms CreateObjectMapping: 0.047000 ms MarkObjects: 1.688200 ms  DeleteObjects: 0.117200 ms)

========================================================================
Received Prepare
Registering precompiled user dll's ...
Registered in 0.000844 seconds.
Begin MonoManager ReloadAssembly
Native extension for WindowsStandalone target not found
Native extension for WebGL target not found
Refreshing native plugins compatible for Editor in 0.34 ms, found 1 plugins.
Preloading 0 native plugins for Editor in 0.00 ms.
Invoked RoslynAnalysisRunner static constructor.
RoslynAnalysisRunner will not be running.
RoslynAnalysisRunner has terminated.
Mono: successfully reloaded assembly
- Completed reload, in  0.904 seconds
Platform modules already initialized, skipping
Refreshing native plugins compatible for Editor in 0.34 ms, found 1 plugins.
Preloading 0 native plugins for Editor in 0.00 ms.
Unloading 1806 Unused Serialized files (Serialized files now loaded: 0)
System memory in use before: 88.1 MB.
System memory in use after: 88.1 MB.

Unloading 12 unused Assets to reduce memory usage. Loaded Objects now: 2295.
Total: 1.961400 ms (FindLiveObjects: 0.183400 ms CreateObjectMapping: 0.044900 ms MarkObjects: 1.620500 ms  DeleteObjects: 0.111700 ms)

========================================================================
Received Import Request.
  Time since last request: 1439.836401 seconds.
  path: Assets/_Scripts/GameManager.cs
  artifactKey: Guid(1b47675370845ad47a29508cade645ae) Importer(815301076,1909f56bfc062723c751e8b465ee728b)
Start importing Assets/_Scripts/GameManager.cs using Guid(1b47675370845ad47a29508cade645ae) Importer(815301076,1909f56bfc062723c751e8b465ee728b)  -> (artifact id: '540b33621d65bf4a16c3b8c332c4cf01') in 0.009205 seconds
  Import took 0.012429 seconds .

========================================================================
Received Prepare
Registering precompiled user dll's ...
Registered in 0.001040 seconds.
Begin MonoManager ReloadAssembly
Native extension for WindowsStandalone target not found
Native extension for WebGL target not found
Refreshing native plugins compatible for Editor in 0.34 ms, found 1 plugins.
Preloading 0 native plugins for Editor in 0.00 ms.
Invoked RoslynAnalysisRunner static constructor.
RoslynAnalysisRunner will not be running.
RoslynAnalysisRunner has terminated.
Mono: successfully reloaded assembly
- Completed reload, in  0.970 seconds
Platform modules already initialized, skipping
Refreshing native plugins compatible for Editor in 0.34 ms, found 1 plugins.
Preloading 0 native plugins for Editor in 0.00 ms.
Unloading 1807 Unused Serialized files (Serialized files now loaded: 0)
System memory in use before: 88.2 MB.
System memory in use after: 88.2 MB.

Unloading 12 unused Assets to reduce memory usage. Loaded Objects now: 2300.
Total: 1.946500 ms (FindLiveObjects: 0.191400 ms CreateObjectMapping: 0.045300 ms MarkObjects: 1.596700 ms  DeleteObjects: 0.112400 ms)

========================================================================
Received Prepare
Registering precompiled user dll's ...
Registered in 0.000832 seconds.
Begin MonoManager ReloadAssembly
Native extension for WindowsStandalone target not found
Native extension for WebGL target not found
Refreshing native plugins compatible for Editor in 0.34 ms, found 1 plugins.
Preloading 0 native plugins for Editor in 0.00 ms.
Invoked RoslynAnalysisRunner static constructor.
RoslynAnalysisRunner will not be running.
RoslynAnalysisRunner has terminated.
Mono: successfully reloaded assembly
- Completed reload, in  0.890 seconds
Platform modules already initialized, skipping
Refreshing native plugins compatible for Editor in 0.34 ms, found 1 plugins.
Preloading 0 native plugins for Editor in 0.00 ms.
Unloading 1807 Unused Serialized files (Serialized files now loaded: 0)
System memory in use before: 88.2 MB.
System memory in use after: 88.2 MB.

Unloading 12 unused Assets to reduce memory usage. Loaded Objects now: 2304.
Total: 1.986000 ms (FindLiveObjects: 0.197200 ms CreateObjectMapping: 0.046200 ms MarkObjects: 1.623000 ms  DeleteObjects: 0.118800 ms)

========================================================================
Received Prepare
Registering precompiled user dll's ...
Registered in 0.000826 seconds.
Begin MonoManager ReloadAssembly
Native extension for WindowsStandalone target not found
Native extension for WebGL target not found
Refreshing native plugins compatible for Editor in 0.34 ms, found 1 plugins.
Preloading 0 native plugins for Editor in 0.00 ms.
Invoked RoslynAnalysisRunner static constructor.
RoslynAnalysisRunner will not be running.
RoslynAnalysisRunner has terminated.
Mono: successfully reloaded assembly
- Completed reload, in  0.881 seconds
Platform modules already initialized, skipping
Refreshing native plugins compatible for Editor in 0.33 ms, found 1 plugins.
Preloading 0 native plugins for Editor in 0.00 ms.
Unloading 1807 Unused Serialized files (Serialized files now loaded: 0)
System memory in use before: 88.2 MB.
System memory in use after: 88.2 MB.

Unloading 12 unused Assets to reduce memory usage. Loaded Objects now: 2308.
Total: 2.079400 ms (FindLiveObjects: 0.202100 ms CreateObjectMapping: 0.043100 ms MarkObjects: 1.707300 ms  DeleteObjects: 0.125800 ms)

========================================================================
Received Import Request.
  Time since last request: 204.029578 seconds.
  path: Assets/_Scripts/DestroyOutBounds.cs
  artifactKey: Guid(591b38a0cc64433438a1df1fa47e6f30) Importer(815301076,1909f56bfc062723c751e8b465ee728b)
Start importing Assets/_Scripts/DestroyOutBounds.cs using Guid(591b38a0cc64433438a1df1fa47e6f30) Importer(815301076,1909f56bfc062723c751e8b465ee728b)  -> (artifact id: 'f3932a28d90dbaedcd60fb0d05652440') in 0.008340 seconds
  Import took 0.012077 seconds .

========================================================================
Received Prepare
Registering precompiled user dll's ...
Registered in 0.000780 seconds.
Begin MonoManager ReloadAssembly
Native extension for WindowsStandalone target not found
Native extension for WebGL target not found
Refreshing native plugins compatible for Editor in 0.33 ms, found 1 plugins.
Preloading 0 native plugins for Editor in 0.00 ms.
Invoked RoslynAnalysisRunner static constructor.
RoslynAnalysisRunner will not be running.
RoslynAnalysisRunner has terminated.
Mono: successfully reloaded assembly
- Completed reload, in  0.908 seconds
Platform modules already initialized, skipping
Refreshing native plugins compatible for Editor in 0.33 ms, found 1 plugins.
Preloading 0 native plugins for Editor in 0.00 ms.
Unloading 1808 Unused Serialized files (Serialized files now loaded: 0)
System memory in use before: 88.2 MB.
System memory in use after: 88.2 MB.

Unloading 12 unused Assets to reduce memory usage. Loaded Objects now: 2313.
Total: 1.950700 ms (FindLiveObjects: 0.183700 ms CreateObjectMapping: 0.043800 ms MarkObjects: 1.607700 ms  DeleteObjects: 0.114700 ms)

========================================================================
Received Import Request.
  Time since last request: 13.849974 seconds.
  path: Assets/Prefabs/AsteroidLeft.prefab
  artifactKey: Guid(ad312951c1c2df749b9303a711115b86) Importer(815301076,1909f56bfc062723c751e8b465ee728b)
Start importing Assets/Prefabs/AsteroidLeft.prefab using Guid(ad312951c1c2df749b9303a711115b86) Importer(815301076,1909f56bfc062723c751e8b465ee728b)  -> (artifact id: '69d42b6ea80b8c867471cb849b11d27f') in 0.071768 seconds
  Import took 0.075363 seconds .

========================================================================
Received Prepare
Registering precompiled user dll's ...
Registered in 0.000856 seconds.
Begin MonoManager ReloadAssembly
Native extension for WindowsStandalone target not found
Native extension for WebGL target not found
Refreshing native plugins compatible for Editor in 0.33 ms, found 1 plugins.
Preloading 0 native plugins for Editor in 0.00 ms.
Invoked RoslynAnalysisRunner static constructor.
RoslynAnalysisRunner will not be running.
RoslynAnalysisRunner has terminated.
Mono: successfully reloaded assembly
- Completed reload, in  0.911 seconds
Platform modules already initialized, skipping
Refreshing native plugins compatible for Editor in 0.35 ms, found 1 plugins.
Preloading 0 native plugins for Editor in 0.00 ms.
Unloading 1808 Unused Serialized files (Serialized files now loaded: 0)
System memory in use before: 88.2 MB.
System memory in use after: 88.2 MB.

Unloading 12 unused Assets to reduce memory usage. Loaded Objects now: 2318.
Total: 2.019600 ms (FindLiveObjects: 0.205800 ms CreateObjectMapping: 0.044800 ms MarkObjects: 1.653100 ms  DeleteObjects: 0.115000 ms)

========================================================================
Received Import Request.
  Time since last request: 81.145105 seconds.
  path: Assets/_Scripts/DestroyOutBounds.cs
  artifactKey: Guid(591b38a0cc64433438a1df1fa47e6f30) Importer(815301076,1909f56bfc062723c751e8b465ee728b)
Start importing Assets/_Scripts/DestroyOutBounds.cs using Guid(591b38a0cc64433438a1df1fa47e6f30) Importer(815301076,1909f56bfc062723c751e8b465ee728b)  -> (artifact id: '917e0c9d4c3b05ce76cf1c3b02f57838') in 0.004486 seconds
  Import took 0.007359 seconds .

========================================================================
Received Prepare
Registering precompiled user dll's ...
Registered in 0.000855 seconds.
Begin MonoManager ReloadAssembly
Native extension for WindowsStandalone target not found
Native extension for WebGL target not found
Refreshing native plugins compatible for Editor in 0.34 ms, found 1 plugins.
Preloading 0 native plugins for Editor in 0.00 ms.
Invoked RoslynAnalysisRunner static constructor.
RoslynAnalysisRunner will not be running.
RoslynAnalysisRunner has terminated.
Mono: successfully reloaded assembly
- Completed reload, in  0.894 seconds
Platform modules already initialized, skipping
Refreshing native plugins compatible for Editor in 0.33 ms, found 1 plugins.
Preloading 0 native plugins for Editor in 0.00 ms.
Unloading 1808 Unused Serialized files (Serialized files now loaded: 0)
System memory in use before: 88.2 MB.
System memory in use after: 88.2 MB.

Unloading 12 unused Assets to reduce memory usage. Loaded Objects now: 2322.
Total: 1.997300 ms (FindLiveObjects: 0.188000 ms CreateObjectMapping: 0.044300 ms MarkObjects: 1.647300 ms  DeleteObjects: 0.116700 ms)

========================================================================
Received Prepare
Registering precompiled user dll's ...
Registered in 0.000851 seconds.
Begin MonoManager ReloadAssembly
Native extension for WindowsStandalone target not found
Native extension for WebGL target not found
Refreshing native plugins compatible for Editor in 0.33 ms, found 1 plugins.
Preloading 0 native plugins for Editor in 0.00 ms.
Invoked RoslynAnalysisRunner static constructor.
RoslynAnalysisRunner will not be running.
RoslynAnalysisRunner has terminated.
Mono: successfully reloaded assembly
- Completed reload, in  0.900 seconds
Platform modules already initialized, skipping
Refreshing native plugins compatible for Editor in 0.33 ms, found 1 plugins.
Preloading 0 native plugins for Editor in 0.00 ms.
Unloading 1808 Unused Serialized files (Serialized files now loaded: 0)
System memory in use before: 88.3 MB.
System memory in use after: 88.2 MB.

Unloading 12 unused Assets to reduce memory usage. Loaded Objects now: 2326.
Total: 2.017200 ms (FindLiveObjects: 0.196200 ms CreateObjectMapping: 0.043200 ms MarkObjects: 1.657300 ms  DeleteObjects: 0.119000 ms)

========================================================================
Received Prepare
Registering precompiled user dll's ...
Registered in 0.000889 seconds.
Begin MonoManager ReloadAssembly
Native extension for WindowsStandalone target not found
Native extension for WebGL target not found
Refreshing native plugins compatible for Editor in 0.34 ms, found 1 plugins.
Preloading 0 native plugins for Editor in 0.00 ms.
Invoked RoslynAnalysisRunner static constructor.
RoslynAnalysisRunner will not be running.
RoslynAnalysisRunner has terminated.
Mono: successfully reloaded assembly
- Completed reload, in  0.894 seconds
Platform modules already initialized, skipping
Refreshing native plugins compatible for Editor in 0.33 ms, found 1 plugins.
Preloading 0 native plugins for Editor in 0.00 ms.
Unloading 1808 Unused Serialized files (Serialized files now loaded: 0)
System memory in use before: 88.3 MB.
System memory in use after: 88.2 MB.

Unloading 12 unused Assets to reduce memory usage. Loaded Objects now: 2330.
Total: 1.954200 ms (FindLiveObjects: 0.183800 ms CreateObjectMapping: 0.044800 ms MarkObjects: 1.607500 ms  DeleteObjects: 0.117300 ms)

========================================================================
Received Prepare
Registering precompiled user dll's ...
Registered in 0.000849 seconds.
Begin MonoManager ReloadAssembly
Native extension for WindowsStandalone target not found
Native extension for WebGL target not found
Refreshing native plugins compatible for Editor in 0.34 ms, found 1 plugins.
Preloading 0 native plugins for Editor in 0.00 ms.
Invoked RoslynAnalysisRunner static constructor.
RoslynAnalysisRunner will not be running.
RoslynAnalysisRunner has terminated.
Mono: successfully reloaded assembly
- Completed reload, in  0.903 seconds
Platform modules already initialized, skipping
Refreshing native plugins compatible for Editor in 0.39 ms, found 1 plugins.
Preloading 0 native plugins for Editor in 0.00 ms.
Unloading 1808 Unused Serialized files (Serialized files now loaded: 0)
System memory in use before: 88.3 MB.
System memory in use after: 88.3 MB.

Unloading 12 unused Assets to reduce memory usage. Loaded Objects now: 2334.
Total: 2.274300 ms (FindLiveObjects: 0.185200 ms CreateObjectMapping: 0.042000 ms MarkObjects: 1.929400 ms  DeleteObjects: 0.116600 ms)

========================================================================
Received Prepare
Registering precompiled user dll's ...
Registered in 0.001038 seconds.
Begin MonoManager ReloadAssembly
Native extension for WindowsStandalone target not found
Native extension for WebGL target not found
Refreshing native plugins compatible for Editor in 0.34 ms, found 1 plugins.
Preloading 0 native plugins for Editor in 0.00 ms.
Invoked RoslynAnalysisRunner static constructor.
RoslynAnalysisRunner will not be running.
RoslynAnalysisRunner has terminated.
Mono: successfully reloaded assembly
- Completed reload, in  0.896 seconds
Platform modules already initialized, skipping
Refreshing native plugins compatible for Editor in 0.34 ms, found 1 plugins.
Preloading 0 native plugins for Editor in 0.00 ms.
Unloading 1808 Unused Serialized files (Serialized files now loaded: 0)
System memory in use before: 88.3 MB.
System memory in use after: 88.3 MB.

Unloading 12 unused Assets to reduce memory usage. Loaded Objects now: 2338.
Total: 2.040500 ms (FindLiveObjects: 0.221900 ms CreateObjectMapping: 0.044900 ms MarkObjects: 1.660600 ms  DeleteObjects: 0.112300 ms)

========================================================================
Received Prepare
Registering precompiled user dll's ...
Registered in 0.000777 seconds.
Begin MonoManager ReloadAssembly
Native extension for WindowsStandalone target not found
Native extension for WebGL target not found
Refreshing native plugins compatible for Editor in 0.34 ms, found 1 plugins.
Preloading 0 native plugins for Editor in 0.00 ms.
Invoked RoslynAnalysisRunner static constructor.
RoslynAnalysisRunner will not be running.
RoslynAnalysisRunner has terminated.
Mono: successfully reloaded assembly
- Completed reload, in  0.889 seconds
Platform modules already initialized, skipping
Refreshing native plugins compatible for Editor in 0.34 ms, found 1 plugins.
Preloading 0 native plugins for Editor in 0.00 ms.
Unloading 1808 Unused Serialized files (Serialized files now loaded: 0)
System memory in use before: 88.3 MB.
System memory in use after: 88.3 MB.

Unloading 12 unused Assets to reduce memory usage. Loaded Objects now: 2342.
Total: 2.069400 ms (FindLiveObjects: 0.190300 ms CreateObjectMapping: 0.042900 ms MarkObjects: 1.721100 ms  DeleteObjects: 0.113700 ms)

========================================================================
Received Prepare
Registering precompiled user dll's ...
Registered in 0.000803 seconds.
Begin MonoManager ReloadAssembly
Native extension for WindowsStandalone target not found
Native extension for WebGL target not found
Refreshing native plugins compatible for Editor in 0.33 ms, found 1 plugins.
Preloading 0 native plugins for Editor in 0.00 ms.
Invoked RoslynAnalysisRunner static constructor.
RoslynAnalysisRunner will not be running.
RoslynAnalysisRunner has terminated.
Mono: successfully reloaded assembly
- Completed reload, in  0.899 seconds
Platform modules already initialized, skipping
Refreshing native plugins compatible for Editor in 0.34 ms, found 1 plugins.
Preloading 0 native plugins for Editor in 0.00 ms.
Unloading 1808 Unused Serialized files (Serialized files now loaded: 0)
System memory in use before: 88.3 MB.
System memory in use after: 88.3 MB.

Unloading 12 unused Assets to reduce memory usage. Loaded Objects now: 2346.
Total: 2.068500 ms (FindLiveObjects: 0.195700 ms CreateObjectMapping: 0.043700 ms MarkObjects: 1.707700 ms  DeleteObjects: 0.120600 ms)

========================================================================
Received Import Request.
  Time since last request: 553.626718 seconds.
  path: Assets/Prefabs/Spaceship.prefab
  artifactKey: Guid(36b87eeeafa22d640b8fe5504f17a6c1) Importer(815301076,1909f56bfc062723c751e8b465ee728b)
Start importing Assets/Prefabs/Spaceship.prefab using Guid(36b87eeeafa22d640b8fe5504f17a6c1) Importer(815301076,1909f56bfc062723c751e8b465ee728b)  -> (artifact id: 'e4c03b5d1bdd411ce6b775c7bef288f8') in 0.058879 seconds
  Import took 0.061877 seconds .

========================================================================
Received Import Request.
  Time since last request: 1.949580 seconds.
  path: Assets/Prefabs/Spaceship.prefab
  artifactKey: Guid(36b87eeeafa22d640b8fe5504f17a6c1) Importer(815301076,1909f56bfc062723c751e8b465ee728b)
Start importing Assets/Prefabs/Spaceship.prefab using Guid(36b87eeeafa22d640b8fe5504f17a6c1) Importer(815301076,1909f56bfc062723c751e8b465ee728b)  -> (artifact id: '378f4417514ed1f1590e815f66a81cf8') in 0.011876 seconds
  Import took 0.014870 seconds .

========================================================================
Received Import Request.
  Time since last request: 2.000202 seconds.
  path: Assets/Prefabs/Spaceship.prefab
  artifactKey: Guid(36b87eeeafa22d640b8fe5504f17a6c1) Importer(815301076,1909f56bfc062723c751e8b465ee728b)
Start importing Assets/Prefabs/Spaceship.prefab using Guid(36b87eeeafa22d640b8fe5504f17a6c1) Importer(815301076,1909f56bfc062723c751e8b465ee728b)  -> (artifact id: '1514f1c63e048e9242fbcf196a303aa9') in 0.009036 seconds
  Import took 0.012209 seconds .

========================================================================
Received Prepare
Registering precompiled user dll's ...
Registered in 0.000832 seconds.
Begin MonoManager ReloadAssembly
Native extension for WindowsStandalone target not found
Native extension for WebGL target not found
Refreshing native plugins compatible for Editor in 0.35 ms, found 1 plugins.
Preloading 0 native plugins for Editor in 0.00 ms.
Invoked RoslynAnalysisRunner static constructor.
RoslynAnalysisRunner will not be running.
RoslynAnalysisRunner has terminated.
Mono: successfully reloaded assembly
- Completed reload, in  0.917 seconds
Platform modules already initialized, skipping
Refreshing native plugins compatible for Editor in 0.34 ms, found 1 plugins.
Preloading 0 native plugins for Editor in 0.00 ms.
Unloading 1808 Unused Serialized files (Serialized files now loaded: 0)
System memory in use before: 88.3 MB.
System memory in use after: 88.3 MB.

Unloading 12 unused Assets to reduce memory usage. Loaded Objects now: 2351.
Total: 1.997400 ms (FindLiveObjects: 0.182700 ms CreateObjectMapping: 0.044600 ms MarkObjects: 1.653200 ms  DeleteObjects: 0.116000 ms)

========================================================================
Received Prepare
Registering precompiled user dll's ...
Registered in 0.000779 seconds.
Begin MonoManager ReloadAssembly
Native extension for WindowsStandalone target not found
Native extension for WebGL target not found
Refreshing native plugins compatible for Editor in 0.33 ms, found 1 plugins.
Preloading 0 native plugins for Editor in 0.00 ms.
Invoked RoslynAnalysisRunner static constructor.
RoslynAnalysisRunner will not be running.
RoslynAnalysisRunner has terminated.
Mono: successfully reloaded assembly
- Completed reload, in  0.901 seconds
Platform modules already initialized, skipping
Refreshing native plugins compatible for Editor in 0.33 ms, found 1 plugins.
Preloading 0 native plugins for Editor in 0.00 ms.
Unloading 1808 Unused Serialized files (Serialized files now loaded: 0)
System memory in use before: 88.3 MB.
System memory in use after: 88.3 MB.

Unloading 12 unused Assets to reduce memory usage. Loaded Objects now: 2355.
Total: 2.056200 ms (FindLiveObjects: 0.218200 ms CreateObjectMapping: 0.045300 ms MarkObjects: 1.674300 ms  DeleteObjects: 0.117100 ms)

========================================================================
Received Import Request.
  Time since last request: 5338.410519 seconds.
  path: ProjectSettings/TagManager.asset
  artifactKey: Guid(00000000000000003000000000000000) Importer(815301076,1909f56bfc062723c751e8b465ee728b)
Start importing ProjectSettings/TagManager.asset using Guid(00000000000000003000000000000000) Importer(815301076,1909f56bfc062723c751e8b465ee728b)  -> (artifact id: 'bd162493fb4ae941f41e0ad2cda9849c') in 0.012734 seconds
  Import took 0.015979 seconds .

========================================================================
Received Import Request.
  Time since last request: 3.973892 seconds.
  path: ProjectSettings/TagManager.asset
  artifactKey: Guid(00000000000000003000000000000000) Importer(815301076,1909f56bfc062723c751e8b465ee728b)
Start importing ProjectSettings/TagManager.asset using Guid(00000000000000003000000000000000) Importer(815301076,1909f56bfc062723c751e8b465ee728b)  -> (artifact id: '2c5bf8da7d4662cd5daaa57855e4580e') in 0.002465 seconds
  Import took 0.005587 seconds .

========================================================================
Received Prepare
Registering precompiled user dll's ...
Registered in 0.000837 seconds.
Begin MonoManager ReloadAssembly
Native extension for WindowsStandalone target not found
Native extension for WebGL target not found
Refreshing native plugins compatible for Editor in 0.34 ms, found 1 plugins.
Preloading 0 native plugins for Editor in 0.00 ms.
Invoked RoslynAnalysisRunner static constructor.
RoslynAnalysisRunner will not be running.
RoslynAnalysisRunner has terminated.
Mono: successfully reloaded assembly
- Completed reload, in  0.899 seconds
Platform modules already initialized, skipping
Refreshing native plugins compatible for Editor in 0.33 ms, found 1 plugins.
Preloading 0 native plugins for Editor in 0.00 ms.
Unloading 1821 Unused Serialized files (Serialized files now loaded: 0)
System memory in use before: 90.3 MB.
System memory in use after: 89.7 MB.

Unloading 27 unused Assets to reduce memory usage. Loaded Objects now: 2359.
Total: 2.260400 ms (FindLiveObjects: 0.211600 ms CreateObjectMapping: 0.044900 ms MarkObjects: 1.635800 ms  DeleteObjects: 0.367200 ms)

========================================================================
Received Prepare
Registering precompiled user dll's ...
Registered in 0.000872 seconds.
Begin MonoManager ReloadAssembly
Native extension for WindowsStandalone target not found
Native extension for WebGL target not found
Refreshing native plugins compatible for Editor in 0.34 ms, found 1 plugins.
Preloading 0 native plugins for Editor in 0.00 ms.
Invoked RoslynAnalysisRunner static constructor.
RoslynAnalysisRunner will not be running.
RoslynAnalysisRunner has terminated.
Mono: successfully reloaded assembly
- Completed reload, in  0.891 seconds
Platform modules already initialized, skipping
Refreshing native plugins compatible for Editor in 0.33 ms, found 1 plugins.
Preloading 0 native plugins for Editor in 0.00 ms.
Unloading 1821 Unused Serialized files (Serialized files now loaded: 0)
System memory in use before: 90.3 MB.
System memory in use after: 89.7 MB.

Unloading 25 unused Assets to reduce memory usage. Loaded Objects now: 2363.
Total: 2.280400 ms (FindLiveObjects: 0.189400 ms CreateObjectMapping: 0.045600 ms MarkObjects: 1.647200 ms  DeleteObjects: 0.397200 ms)

========================================================================
Received Prepare
Registering precompiled user dll's ...
Registered in 0.000821 seconds.
Begin MonoManager ReloadAssembly
Native extension for WindowsStandalone target not found
Native extension for WebGL target not found
Refreshing native plugins compatible for Editor in 0.35 ms, found 1 plugins.
Preloading 0 native plugins for Editor in 0.00 ms.
Invoked RoslynAnalysisRunner static constructor.
RoslynAnalysisRunner will not be running.
RoslynAnalysisRunner has terminated.
Mono: successfully reloaded assembly
- Completed reload, in  0.921 seconds
Platform modules already initialized, skipping
Refreshing native plugins compatible for Editor in 0.34 ms, found 1 plugins.
Preloading 0 native plugins for Editor in 0.00 ms.
Unloading 1821 Unused Serialized files (Serialized files now loaded: 0)
System memory in use before: 90.3 MB.
System memory in use after: 89.7 MB.

Unloading 25 unused Assets to reduce memory usage. Loaded Objects now: 2367.
Total: 2.265700 ms (FindLiveObjects: 0.186100 ms CreateObjectMapping: 0.046300 ms MarkObjects: 1.639500 ms  DeleteObjects: 0.392800 ms)

========================================================================
Received Prepare
Registering precompiled user dll's ...
Registered in 0.000827 seconds.
Begin MonoManager ReloadAssembly
Native extension for WindowsStandalone target not found
Native extension for WebGL target not found
Refreshing native plugins compatible for Editor in 0.34 ms, found 1 plugins.
Preloading 0 native plugins for Editor in 0.00 ms.
Invoked RoslynAnalysisRunner static constructor.
RoslynAnalysisRunner will not be running.
RoslynAnalysisRunner has terminated.
Mono: successfully reloaded assembly
- Completed reload, in  0.914 seconds
Platform modules already initialized, skipping
Refreshing native plugins compatible for Editor in 0.34 ms, found 1 plugins.
Preloading 0 native plugins for Editor in 0.00 ms.
Unloading 1821 Unused Serialized files (Serialized files now loaded: 0)
System memory in use before: 90.3 MB.
System memory in use after: 89.7 MB.

Unloading 25 unused Assets to reduce memory usage. Loaded Objects now: 2371.
Total: 2.263200 ms (FindLiveObjects: 0.191700 ms CreateObjectMapping: 0.044000 ms MarkObjects: 1.620500 ms  DeleteObjects: 0.406300 ms)

========================================================================
Received Prepare
Registering precompiled user dll's ...
Registered in 0.000808 seconds.
Begin MonoManager ReloadAssembly
Native extension for WindowsStandalone target not found
Native extension for WebGL target not found
Refreshing native plugins compatible for Editor in 0.36 ms, found 1 plugins.
Preloading 0 native plugins for Editor in 0.00 ms.
Invoked RoslynAnalysisRunner static constructor.
RoslynAnalysisRunner will not be running.
RoslynAnalysisRunner has terminated.
Mono: successfully reloaded assembly
- Completed reload, in  0.900 seconds
Platform modules already initialized, skipping
Refreshing native plugins compatible for Editor in 0.33 ms, found 1 plugins.
Preloading 0 native plugins for Editor in 0.00 ms.
Unloading 1821 Unused Serialized files (Serialized files now loaded: 0)
System memory in use before: 90.4 MB.
System memory in use after: 89.7 MB.

Unloading 25 unused Assets to reduce memory usage. Loaded Objects now: 2375.
Total: 2.304100 ms (FindLiveObjects: 0.196000 ms CreateObjectMapping: 0.044400 ms MarkObjects: 1.648500 ms  DeleteObjects: 0.414300 ms)

========================================================================
Received Prepare
Registering precompiled user dll's ...
Registered in 0.000836 seconds.
Begin MonoManager ReloadAssembly
Native extension for WindowsStandalone target not found
Native extension for WebGL target not found
Refreshing native plugins compatible for Editor in 0.35 ms, found 1 plugins.
Preloading 0 native plugins for Editor in 0.00 ms.
Invoked RoslynAnalysisRunner static constructor.
RoslynAnalysisRunner will not be running.
RoslynAnalysisRunner has terminated.
Mono: successfully reloaded assembly
- Completed reload, in  0.902 seconds
Platform modules already initialized, skipping
Refreshing native plugins compatible for Editor in 0.36 ms, found 1 plugins.
Preloading 0 native plugins for Editor in 0.00 ms.
Unloading 1821 Unused Serialized files (Serialized files now loaded: 0)
System memory in use before: 90.4 MB.
System memory in use after: 89.7 MB.

Unloading 25 unused Assets to reduce memory usage. Loaded Objects now: 2379.
Total: 2.451500 ms (FindLiveObjects: 0.198500 ms CreateObjectMapping: 0.044000 ms MarkObjects: 1.795100 ms  DeleteObjects: 0.413000 ms)

========================================================================
Received Prepare
Registering precompiled user dll's ...
Registered in 0.000857 seconds.
Begin MonoManager ReloadAssembly
Native extension for WindowsStandalone target not found
Native extension for WebGL target not found
Refreshing native plugins compatible for Editor in 0.34 ms, found 1 plugins.
Preloading 0 native plugins for Editor in 0.00 ms.
Invoked RoslynAnalysisRunner static constructor.
RoslynAnalysisRunner will not be running.
RoslynAnalysisRunner has terminated.
Mono: successfully reloaded assembly
- Completed reload, in  0.901 seconds
Platform modules already initialized, skipping
Refreshing native plugins compatible for Editor in 0.33 ms, found 1 plugins.
Preloading 0 native plugins for Editor in 0.00 ms.
Unloading 1821 Unused Serialized files (Serialized files now loaded: 0)
System memory in use before: 90.4 MB.
System memory in use after: 89.7 MB.

Unloading 25 unused Assets to reduce memory usage. Loaded Objects now: 2383.
Total: 2.291100 ms (FindLiveObjects: 0.193200 ms CreateObjectMapping: 0.044200 ms MarkObjects: 1.649500 ms  DeleteObjects: 0.403300 ms)

========================================================================
Received Prepare
Registering precompiled user dll's ...
Registered in 0.000819 seconds.
Begin MonoManager ReloadAssembly
Native extension for WindowsStandalone target not found
Native extension for WebGL target not found
Refreshing native plugins compatible for Editor in 0.35 ms, found 1 plugins.
Preloading 0 native plugins for Editor in 0.00 ms.
Invoked RoslynAnalysisRunner static constructor.
RoslynAnalysisRunner will not be running.
RoslynAnalysisRunner has terminated.
Mono: successfully reloaded assembly
- Completed reload, in  0.901 seconds
Platform modules already initialized, skipping
Refreshing native plugins compatible for Editor in 0.36 ms, found 1 plugins.
Preloading 0 native plugins for Editor in 0.00 ms.
Unloading 1821 Unused Serialized files (Serialized files now loaded: 0)
System memory in use before: 90.4 MB.
System memory in use after: 89.7 MB.

Unloading 25 unused Assets to reduce memory usage. Loaded Objects now: 2387.
Total: 2.285700 ms (FindLiveObjects: 0.215000 ms CreateObjectMapping: 0.047800 ms MarkObjects: 1.623500 ms  DeleteObjects: 0.398500 ms)

========================================================================
Received Prepare
Registering precompiled user dll's ...
Registered in 0.000821 seconds.
Begin MonoManager ReloadAssembly
Native extension for WindowsStandalone target not found
Native extension for WebGL target not found
Refreshing native plugins compatible for Editor in 0.35 ms, found 1 plugins.
Preloading 0 native plugins for Editor in 0.00 ms.
Invoked RoslynAnalysisRunner static constructor.
RoslynAnalysisRunner will not be running.
RoslynAnalysisRunner has terminated.
Mono: successfully reloaded assembly
- Completed reload, in  0.907 seconds
Platform modules already initialized, skipping
Refreshing native plugins compatible for Editor in 0.34 ms, found 1 plugins.
Preloading 0 native plugins for Editor in 0.00 ms.
Unloading 1821 Unused Serialized files (Serialized files now loaded: 0)
System memory in use before: 90.4 MB.
System memory in use after: 89.7 MB.

Unloading 25 unused Assets to reduce memory usage. Loaded Objects now: 2391.
Total: 2.247800 ms (FindLiveObjects: 0.187300 ms CreateObjectMapping: 0.044900 ms MarkObjects: 1.619600 ms  DeleteObjects: 0.395100 ms)

========================================================================
Received Prepare
Registering precompiled user dll's ...
Registered in 0.000892 seconds.
Begin MonoManager ReloadAssembly
Native extension for WindowsStandalone target not found
Native extension for WebGL target not found
Refreshing native plugins compatible for Editor in 0.34 ms, found 1 plugins.
Preloading 0 native plugins for Editor in 0.00 ms.
Invoked RoslynAnalysisRunner static constructor.
RoslynAnalysisRunner will not be running.
RoslynAnalysisRunner has terminated.
Mono: successfully reloaded assembly
- Completed reload, in  0.908 seconds
Platform modules already initialized, skipping
Refreshing native plugins compatible for Editor in 0.33 ms, found 1 plugins.
Preloading 0 native plugins for Editor in 0.00 ms.
Unloading 1821 Unused Serialized files (Serialized files now loaded: 0)
System memory in use before: 90.4 MB.
System memory in use after: 89.7 MB.

Unloading 25 unused Assets to reduce memory usage. Loaded Objects now: 2395.
Total: 2.251500 ms (FindLiveObjects: 0.196400 ms CreateObjectMapping: 0.044300 ms MarkObjects: 1.603800 ms  DeleteObjects: 0.406200 ms)

========================================================================
Received Import Request.
  Time since last request: 1949.875349 seconds.
  path: Assets/Prefabs/AsteroidRight.prefab
  artifactKey: Guid(c4c67c64706093945866d063e1089cb3) Importer(815301076,1909f56bfc062723c751e8b465ee728b)
Start importing Assets/Prefabs/AsteroidRight.prefab using Guid(c4c67c64706093945866d063e1089cb3) Importer(815301076,1909f56bfc062723c751e8b465ee728b)  -> (artifact id: 'c927b5b77184f8b0a9a418a9675b4a2e') in 0.066754 seconds
  Import took 0.069803 seconds .

========================================================================
Received Import Request.
  Time since last request: 0.021231 seconds.
  path: Assets/Prefabs/AsteroidRight.prefab
  artifactKey: Guid(c4c67c64706093945866d063e1089cb3) Importer(815301076,1909f56bfc062723c751e8b465ee728b)
Start importing Assets/Prefabs/AsteroidRight.prefab using Guid(c4c67c64706093945866d063e1089cb3) Importer(815301076,1909f56bfc062723c751e8b465ee728b)  -> (artifact id: 'c927b5b77184f8b0a9a418a9675b4a2e') in 0.007498 seconds
  Import took 0.010318 seconds .

========================================================================
Received Import Request.
  Time since last request: 3.157645 seconds.
  path: Assets/Prefabs/AsteroidRight.prefab
  artifactKey: Guid(c4c67c64706093945866d063e1089cb3) Importer(815301076,1909f56bfc062723c751e8b465ee728b)
Start importing Assets/Prefabs/AsteroidRight.prefab using Guid(c4c67c64706093945866d063e1089cb3) Importer(815301076,1909f56bfc062723c751e8b465ee728b)  -> (artifact id: 'f91ab85d514087256e7deaad394c493b') in 0.006794 seconds
  Import took 0.009723 seconds .

========================================================================
Received Import Request.
  Time since last request: 2.224122 seconds.
  path: Assets/Prefabs/AsteroidRight.prefab
  artifactKey: Guid(c4c67c64706093945866d063e1089cb3) Importer(815301076,1909f56bfc062723c751e8b465ee728b)
Start importing Assets/Prefabs/AsteroidRight.prefab using Guid(c4c67c64706093945866d063e1089cb3) Importer(815301076,1909f56bfc062723c751e8b465ee728b)  -> (artifact id: '3d75bdc7e664e8015e075d5d8fd36272') in 0.008806 seconds
  Import took 0.011846 seconds .

========================================================================
Received Import Request.
  Time since last request: 1.285798 seconds.
  path: Assets/Prefabs/AsteroidLeft.prefab
  artifactKey: Guid(ad312951c1c2df749b9303a711115b86) Importer(815301076,1909f56bfc062723c751e8b465ee728b)
Start importing Assets/Prefabs/AsteroidLeft.prefab using Guid(ad312951c1c2df749b9303a711115b86) Importer(815301076,1909f56bfc062723c751e8b465ee728b)  -> (artifact id: '98ee6434c35af94abdfb279106813a95') in 0.016273 seconds
  Import took 0.019186 seconds .

========================================================================
Received Import Request.
  Time since last request: 1.292253 seconds.
  path: Assets/Prefabs/AsteroidLeft.prefab
  artifactKey: Guid(ad312951c1c2df749b9303a711115b86) Importer(815301076,1909f56bfc062723c751e8b465ee728b)
Start importing Assets/Prefabs/AsteroidLeft.prefab using Guid(ad312951c1c2df749b9303a711115b86) Importer(815301076,1909f56bfc062723c751e8b465ee728b)  -> (artifact id: 'a40022c8b9d1fa92b2c0248852cd806b') in 0.011448 seconds
  Import took 0.014476 seconds .

========================================================================
Received Import Request.
  Time since last request: 1.796204 seconds.
  path: Assets/Prefabs/AsteroidLeft.prefab
  artifactKey: Guid(ad312951c1c2df749b9303a711115b86) Importer(815301076,1909f56bfc062723c751e8b465ee728b)
Start importing Assets/Prefabs/AsteroidLeft.prefab using Guid(ad312951c1c2df749b9303a711115b86) Importer(815301076,1909f56bfc062723c751e8b465ee728b)  -> (artifact id: 'c5cdfc748d494ae6082aced960e83b06') in 0.006888 seconds
  Import took 0.009820 seconds .

========================================================================
Received Prepare
Registering precompiled user dll's ...
Registered in 0.000881 seconds.
Begin MonoManager ReloadAssembly
Native extension for WindowsStandalone target not found
Native extension for WebGL target not found
Refreshing native plugins compatible for Editor in 0.39 ms, found 1 plugins.
Preloading 0 native plugins for Editor in 0.00 ms.
Invoked RoslynAnalysisRunner static constructor.
RoslynAnalysisRunner will not be running.
RoslynAnalysisRunner has terminated.
Mono: successfully reloaded assembly
- Completed reload, in  0.912 seconds
Platform modules already initialized, skipping
Refreshing native plugins compatible for Editor in 0.35 ms, found 1 plugins.
Preloading 0 native plugins for Editor in 0.00 ms.
Unloading 1821 Unused Serialized files (Serialized files now loaded: 0)
System memory in use before: 90.4 MB.
System memory in use after: 89.7 MB.

Unloading 25 unused Assets to reduce memory usage. Loaded Objects now: 2400.
Total: 2.527700 ms (FindLiveObjects: 0.243700 ms CreateObjectMapping: 0.046100 ms MarkObjects: 1.695800 ms  DeleteObjects: 0.540900 ms)

========================================================================
Received Import Request.
  Time since last request: 23.695334 seconds.
  path: Assets/Prefabs/AsteroidLeft.prefab
  artifactKey: Guid(ad312951c1c2df749b9303a711115b86) Importer(815301076,1909f56bfc062723c751e8b465ee728b)
Start importing Assets/Prefabs/AsteroidLeft.prefab using Guid(ad312951c1c2df749b9303a711115b86) Importer(815301076,1909f56bfc062723c751e8b465ee728b)  -> (artifact id: 'f6ec7f5e1987ff2e8daa4e986336eb06') in 0.055743 seconds
  Import took 0.059013 seconds .

========================================================================
Received Prepare
Registering precompiled user dll's ...
Registered in 0.000804 seconds.
Begin MonoManager ReloadAssembly
Native extension for WindowsStandalone target not found
Native extension for WebGL target not found
Refreshing native plugins compatible for Editor in 0.34 ms, found 1 plugins.
Preloading 0 native plugins for Editor in 0.00 ms.
Invoked RoslynAnalysisRunner static constructor.
RoslynAnalysisRunner will not be running.
RoslynAnalysisRunner has terminated.
Mono: successfully reloaded assembly
- Completed reload, in  0.918 seconds
Platform modules already initialized, skipping
Refreshing native plugins compatible for Editor in 0.34 ms, found 1 plugins.
Preloading 0 native plugins for Editor in 0.00 ms.
Unloading 1821 Unused Serialized files (Serialized files now loaded: 0)
System memory in use before: 90.4 MB.
System memory in use after: 89.8 MB.

Unloading 25 unused Assets to reduce memory usage. Loaded Objects now: 2405.
Total: 2.260000 ms (FindLiveObjects: 0.181600 ms CreateObjectMapping: 0.044600 ms MarkObjects: 1.633600 ms  DeleteObjects: 0.399300 ms)

========================================================================
Received Prepare
Registering precompiled user dll's ...
Registered in 0.000890 seconds.
Begin MonoManager ReloadAssembly
Native extension for WindowsStandalone target not found
Native extension for WebGL target not found
Refreshing native plugins compatible for Editor in 0.35 ms, found 1 plugins.
Preloading 0 native plugins for Editor in 0.00 ms.
Invoked RoslynAnalysisRunner static constructor.
RoslynAnalysisRunner will not be running.
RoslynAnalysisRunner has terminated.
Mono: successfully reloaded assembly
- Completed reload, in  0.893 seconds
Platform modules already initialized, skipping
Refreshing native plugins compatible for Editor in 0.34 ms, found 1 plugins.
Preloading 0 native plugins for Editor in 0.00 ms.
Unloading 1821 Unused Serialized files (Serialized files now loaded: 0)
System memory in use before: 90.4 MB.
System memory in use after: 89.8 MB.

Unloading 25 unused Assets to reduce memory usage. Loaded Objects now: 2409.
Total: 2.412500 ms (FindLiveObjects: 0.205600 ms CreateObjectMapping: 0.045100 ms MarkObjects: 1.748800 ms  DeleteObjects: 0.412200 ms)

AssetImportWorkerClient::OnTransportError - code=2 error=End of file
